Determining if the include file pthread.h exists failed with the following output:
Change Dir: C:/Users/haven/OneDrive/Documents/Repositories/clucene/compiled/CMakeFiles/CMakeTmp

Run Build Command:"C:/Program Files (x86)/MSBuild/14.0/bin/MSBuild.exe" "cmTC_45567.vcxproj" "/p:Configuration=Debug" "/p:VisualStudioVersion=14.0"
Microsoft (R) Build Engine version 14.0.25420.1
Copyright (C) Microsoft Corporation. All rights reserved.

Build started 2/4/2017 8:23:33 AM.
Project "C:\Users\haven\OneDrive\Documents\Repositories\clucene\compiled\CMakeFiles\CMakeTmp\cmTC_45567.vcxproj" on node 1 (default targets).
PrepareForBuild:
  Creating directory "cmTC_45567.dir\Debug\".
  Creating directory "C:\Users\haven\OneDrive\Documents\Repositories\clucene\compiled\CMakeFiles\CMakeTmp\Debug\".
  Creating directory "cmTC_45567.dir\Debug\cmTC_45567.tlog\".
InitializeBuildStatus:
  Creating "cmTC_45567.dir\Debug\cmTC_45567.tlog\unsuccessfulbuild" because "AlwaysCreate" was specified.
ClCompile:
  C:\Program Files (x86)\Microsoft Visual Studio 14.0\VC\bin\CL.exe /c /Zi /W3 /WX- /Od /Ob0 /Oy- /D WIN32 /D _WINDOWS /D _DEBUG /D "CMAKE_INTDIR=\"Debug\"" /D _MBCS /Gm- /RTC1 /MDd /GS /fp:precise /Zc:wchar_t /Zc:forScope /Zc:inline /Fo"cmTC_45567.dir\Debug\\" /Fd"cmTC_45567.dir\Debug\vc140.pdb" /Gd /TC /analyze- /errorReport:queue C:\Users\haven\OneDrive\Documents\Repositories\clucene\compiled\CMakeFiles\CMakeTmp\CheckIncludeFile.c
  Microsoft (R) C/C++ Optimizing Compiler Version 19.00.24215.1 for x86
  Copyright (C) Microsoft Corporation.  All rights reserved.
  
  cl /c /Zi /W3 /WX- /Od /Ob0 /Oy- /D WIN32 /D _WINDOWS /D _DEBUG /D "CMAKE_INTDIR=\"Debug\"" /D _MBCS /Gm- /RTC1 /MDd /GS /fp:precise /Zc:wchar_t /Zc:forScope /Zc:inline /Fo"cmTC_45567.dir\Debug\\" /Fd"cmTC_45567.dir\Debug\vc140.pdb" /Gd /TC /analyze- /errorReport:queue C:\Users\haven\OneDrive\Documents\Repositories\clucene\compiled\CMakeFiles\CMakeTmp\CheckIncludeFile.c
  
  CheckIncludeFile.c
C:\Users\haven\OneDrive\Documents\Repositories\clucene\compiled\CMakeFiles\CMakeTmp\CheckIncludeFile.c(1): fatal error C1083: Cannot open include file: 'pthread.h': No such file or directory [C:\Users\haven\OneDrive\Documents\Repositories\clucene\compiled\CMakeFiles\CMakeTmp\cmTC_45567.vcxproj]
Done Building Project "C:\Users\haven\OneDrive\Documents\Repositories\clucene\compiled\CMakeFiles\CMakeTmp\cmTC_45567.vcxproj" (default targets) -- FAILED.

Build FAILED.

"C:\Users\haven\OneDrive\Documents\Repositories\clucene\compiled\CMakeFiles\CMakeTmp\cmTC_45567.vcxproj" (default target) (1) ->
(ClCompile target) -> 
  C:\Users\haven\OneDrive\Documents\Repositories\clucene\compiled\CMakeFiles\CMakeTmp\CheckIncludeFile.c(1): fatal error C1083: Cannot open include file: 'pthread.h': No such file or directory [C:\Users\haven\OneDrive\Documents\Repositories\clucene\compiled\CMakeFiles\CMakeTmp\cmTC_45567.vcxproj]

    0 Warning(s)
    1 Error(s)

Time Elapsed 00:00:00.30


Determining if files sys/time.h;time.h exist failed with the following output:
Change Dir: C:/Users/haven/OneDrive/Documents/Repositories/clucene/compiled/CMakeFiles/CMakeTmp

Run Build Command:"C:/Program Files (x86)/MSBuild/14.0/bin/MSBuild.exe" "cmTC_54b92.vcxproj" "/p:Configuration=Debug" "/p:VisualStudioVersion=14.0"
Microsoft (R) Build Engine version 14.0.25420.1
Copyright (C) Microsoft Corporation. All rights reserved.

Build started 2/4/2017 8:23:34 AM.
Project "C:\Users\haven\OneDrive\Documents\Repositories\clucene\compiled\CMakeFiles\CMakeTmp\cmTC_54b92.vcxproj" on node 1 (default targets).
PrepareForBuild:
  Creating directory "cmTC_54b92.dir\Debug\".
  Creating directory "C:\Users\haven\OneDrive\Documents\Repositories\clucene\compiled\CMakeFiles\CMakeTmp\Debug\".
  Creating directory "cmTC_54b92.dir\Debug\cmTC_54b92.tlog\".
InitializeBuildStatus:
  Creating "cmTC_54b92.dir\Debug\cmTC_54b92.tlog\unsuccessfulbuild" because "AlwaysCreate" was specified.
ClCompile:
  C:\Program Files (x86)\Microsoft Visual Studio 14.0\VC\bin\CL.exe /c /Zi /W3 /WX- /Od /Ob0 /Oy- /D WIN32 /D _WINDOWS /D _DEBUG /D "CMAKE_INTDIR=\"Debug\"" /D _MBCS /Gm- /RTC1 /MDd /GS /fp:precise /Zc:wchar_t /Zc:forScope /Zc:inline /Fo"cmTC_54b92.dir\Debug\\" /Fd"cmTC_54b92.dir\Debug\vc140.pdb" /Gd /TC /analyze- /errorReport:queue C:\Users\haven\OneDrive\Documents\Repositories\clucene\compiled\CMakeFiles\CMakeTmp\CheckIncludeFiles.c
  Microsoft (R) C/C++ Optimizing Compiler Version 19.00.24215.1 for x86
  Copyright (C) Microsoft Corporation.  All rights reserved.
  
  cl /c /Zi /W3 /WX- /Od /Ob0 /Oy- /D WIN32 /D _WINDOWS /D _DEBUG /D "CMAKE_INTDIR=\"Debug\"" /D _MBCS /Gm- /RTC1 /MDd /GS /fp:precise /Zc:wchar_t /Zc:forScope /Zc:inline /Fo"cmTC_54b92.dir\Debug\\" /Fd"cmTC_54b92.dir\Debug\vc140.pdb" /Gd /TC /analyze- /errorReport:queue C:\Users\haven\OneDrive\Documents\Repositories\clucene\compiled\CMakeFiles\CMakeTmp\CheckIncludeFiles.c
  
  CheckIncludeFiles.c
C:\Users\haven\OneDrive\Documents\Repositories\clucene\compiled\CMakeFiles\CMakeTmp\CheckIncludeFiles.c(2): fatal error C1083: Cannot open include file: 'sys/time.h': No such file or directory [C:\Users\haven\OneDrive\Documents\Repositories\clucene\compiled\CMakeFiles\CMakeTmp\cmTC_54b92.vcxproj]
Done Building Project "C:\Users\haven\OneDrive\Documents\Repositories\clucene\compiled\CMakeFiles\CMakeTmp\cmTC_54b92.vcxproj" (default targets) -- FAILED.

Build FAILED.

"C:\Users\haven\OneDrive\Documents\Repositories\clucene\compiled\CMakeFiles\CMakeTmp\cmTC_54b92.vcxproj" (default target) (1) ->
(ClCompile target) -> 
  C:\Users\haven\OneDrive\Documents\Repositories\clucene\compiled\CMakeFiles\CMakeTmp\CheckIncludeFiles.c(2): fatal error C1083: Cannot open include file: 'sys/time.h': No such file or directory [C:\Users\haven\OneDrive\Documents\Repositories\clucene\compiled\CMakeFiles\CMakeTmp\cmTC_54b92.vcxproj]

    0 Warning(s)
    1 Error(s)

Time Elapsed 00:00:00.28

Source:
/* */
#include <sys/time.h>
#include <time.h>


int main(void){return 0;}

Determining if the include file sys/time.h exists failed with the following output:
Change Dir: C:/Users/haven/OneDrive/Documents/Repositories/clucene/compiled/CMakeFiles/CMakeTmp

Run Build Command:"C:/Program Files (x86)/MSBuild/14.0/bin/MSBuild.exe" "cmTC_5fdab.vcxproj" "/p:Configuration=Debug" "/p:VisualStudioVersion=14.0"
Microsoft (R) Build Engine version 14.0.25420.1
Copyright (C) Microsoft Corporation. All rights reserved.

Build started 2/4/2017 8:23:45 AM.
Project "C:\Users\haven\OneDrive\Documents\Repositories\clucene\compiled\CMakeFiles\CMakeTmp\cmTC_5fdab.vcxproj" on node 1 (default targets).
PrepareForBuild:
  Creating directory "cmTC_5fdab.dir\Debug\".
  Creating directory "C:\Users\haven\OneDrive\Documents\Repositories\clucene\compiled\CMakeFiles\CMakeTmp\Debug\".
  Creating directory "cmTC_5fdab.dir\Debug\cmTC_5fdab.tlog\".
InitializeBuildStatus:
  Creating "cmTC_5fdab.dir\Debug\cmTC_5fdab.tlog\unsuccessfulbuild" because "AlwaysCreate" was specified.
ClCompile:
  C:\Program Files (x86)\Microsoft Visual Studio 14.0\VC\bin\CL.exe /c /Zi /W3 /WX- /Od /Ob0 /Oy- /D WIN32 /D _WINDOWS /D _DEBUG /D "CMAKE_INTDIR=\"Debug\"" /D _MBCS /Gm- /EHsc /RTC1 /MDd /GS /fp:precise /Zc:wchar_t /Zc:forScope /Zc:inline /GR /Fo"cmTC_5fdab.dir\Debug\\" /Fd"cmTC_5fdab.dir\Debug\vc140.pdb" /Gd /TP /analyze- /errorReport:queue C:\Users\haven\OneDrive\Documents\Repositories\clucene\compiled\CMakeFiles\CMakeTmp\CheckIncludeFile.cxx
  Microsoft (R) C/C++ Optimizing Compiler Version 19.00.24215.1 for x86
  Copyright (C) Microsoft Corporation.  All rights reserved.
  
  cl /c /Zi /W3 /WX- /Od /Ob0 /Oy- /D WIN32 /D _WINDOWS /D _DEBUG /D "CMAKE_INTDIR=\"Debug\"" /D _MBCS /Gm- /EHsc /RTC1 /MDd /GS /fp:precise /Zc:wchar_t /Zc:forScope /Zc:inline /GR /Fo"cmTC_5fdab.dir\Debug\\" /Fd"cmTC_5fdab.dir\Debug\vc140.pdb" /Gd /TP /analyze- /errorReport:queue C:\Users\haven\OneDrive\Documents\Repositories\clucene\compiled\CMakeFiles\CMakeTmp\CheckIncludeFile.cxx
  
  CheckIncludeFile.cxx
C:\Users\haven\OneDrive\Documents\Repositories\clucene\compiled\CMakeFiles\CMakeTmp\CheckIncludeFile.cxx(1): fatal error C1083: Cannot open include file: 'sys/time.h': No such file or directory [C:\Users\haven\OneDrive\Documents\Repositories\clucene\compiled\CMakeFiles\CMakeTmp\cmTC_5fdab.vcxproj]
Done Building Project "C:\Users\haven\OneDrive\Documents\Repositories\clucene\compiled\CMakeFiles\CMakeTmp\cmTC_5fdab.vcxproj" (default targets) -- FAILED.

Build FAILED.

"C:\Users\haven\OneDrive\Documents\Repositories\clucene\compiled\CMakeFiles\CMakeTmp\cmTC_5fdab.vcxproj" (default target) (1) ->
(ClCompile target) -> 
  C:\Users\haven\OneDrive\Documents\Repositories\clucene\compiled\CMakeFiles\CMakeTmp\CheckIncludeFile.cxx(1): fatal error C1083: Cannot open include file: 'sys/time.h': No such file or directory [C:\Users\haven\OneDrive\Documents\Repositories\clucene\compiled\CMakeFiles\CMakeTmp\cmTC_5fdab.vcxproj]

    0 Warning(s)
    1 Error(s)

Time Elapsed 00:00:00.29


Determining if the include file unistd.h exists failed with the following output:
Change Dir: C:/Users/haven/OneDrive/Documents/Repositories/clucene/compiled/CMakeFiles/CMakeTmp

Run Build Command:"C:/Program Files (x86)/MSBuild/14.0/bin/MSBuild.exe" "cmTC_9db76.vcxproj" "/p:Configuration=Debug" "/p:VisualStudioVersion=14.0"
Microsoft (R) Build Engine version 14.0.25420.1
Copyright (C) Microsoft Corporation. All rights reserved.

Build started 2/4/2017 8:23:47 AM.
Project "C:\Users\haven\OneDrive\Documents\Repositories\clucene\compiled\CMakeFiles\CMakeTmp\cmTC_9db76.vcxproj" on node 1 (default targets).
PrepareForBuild:
  Creating directory "cmTC_9db76.dir\Debug\".
  Creating directory "C:\Users\haven\OneDrive\Documents\Repositories\clucene\compiled\CMakeFiles\CMakeTmp\Debug\".
  Creating directory "cmTC_9db76.dir\Debug\cmTC_9db76.tlog\".
InitializeBuildStatus:
  Creating "cmTC_9db76.dir\Debug\cmTC_9db76.tlog\unsuccessfulbuild" because "AlwaysCreate" was specified.
ClCompile:
  C:\Program Files (x86)\Microsoft Visual Studio 14.0\VC\bin\CL.exe /c /Zi /W3 /WX- /Od /Ob0 /Oy- /D WIN32 /D _WINDOWS /D _DEBUG /D "CMAKE_INTDIR=\"Debug\"" /D _MBCS /Gm- /EHsc /RTC1 /MDd /GS /fp:precise /Zc:wchar_t /Zc:forScope /Zc:inline /GR /Fo"cmTC_9db76.dir\Debug\\" /Fd"cmTC_9db76.dir\Debug\vc140.pdb" /Gd /TP /analyze- /errorReport:queue C:\Users\haven\OneDrive\Documents\Repositories\clucene\compiled\CMakeFiles\CMakeTmp\CheckIncludeFile.cxx
  Microsoft (R) C/C++ Optimizing Compiler Version 19.00.24215.1 for x86
  Copyright (C) Microsoft Corporation.  All rights reserved.
  
  cl /c /Zi /W3 /WX- /Od /Ob0 /Oy- /D WIN32 /D _WINDOWS /D _DEBUG /D "CMAKE_INTDIR=\"Debug\"" /D _MBCS /Gm- /EHsc /RTC1 /MDd /GS /fp:precise /Zc:wchar_t /Zc:forScope /Zc:inline /GR /Fo"cmTC_9db76.dir\Debug\\" /Fd"cmTC_9db76.dir\Debug\vc140.pdb" /Gd /TP /analyze- /errorReport:queue C:\Users\haven\OneDrive\Documents\Repositories\clucene\compiled\CMakeFiles\CMakeTmp\CheckIncludeFile.cxx
  
  CheckIncludeFile.cxx
C:\Users\haven\OneDrive\Documents\Repositories\clucene\compiled\CMakeFiles\CMakeTmp\CheckIncludeFile.cxx(1): fatal error C1083: Cannot open include file: 'unistd.h': No such file or directory [C:\Users\haven\OneDrive\Documents\Repositories\clucene\compiled\CMakeFiles\CMakeTmp\cmTC_9db76.vcxproj]
Done Building Project "C:\Users\haven\OneDrive\Documents\Repositories\clucene\compiled\CMakeFiles\CMakeTmp\cmTC_9db76.vcxproj" (default targets) -- FAILED.

Build FAILED.

"C:\Users\haven\OneDrive\Documents\Repositories\clucene\compiled\CMakeFiles\CMakeTmp\cmTC_9db76.vcxproj" (default target) (1) ->
(ClCompile target) -> 
  C:\Users\haven\OneDrive\Documents\Repositories\clucene\compiled\CMakeFiles\CMakeTmp\CheckIncludeFile.cxx(1): fatal error C1083: Cannot open include file: 'unistd.h': No such file or directory [C:\Users\haven\OneDrive\Documents\Repositories\clucene\compiled\CMakeFiles\CMakeTmp\cmTC_9db76.vcxproj]

    0 Warning(s)
    1 Error(s)

Time Elapsed 00:00:00.31


Determining if the include file sys/dir.h exists failed with the following output:
Change Dir: C:/Users/haven/OneDrive/Documents/Repositories/clucene/compiled/CMakeFiles/CMakeTmp

Run Build Command:"C:/Program Files (x86)/MSBuild/14.0/bin/MSBuild.exe" "cmTC_14770.vcxproj" "/p:Configuration=Debug" "/p:VisualStudioVersion=14.0"
Microsoft (R) Build Engine version 14.0.25420.1
Copyright (C) Microsoft Corporation. All rights reserved.

Build started 2/4/2017 8:23:48 AM.
Project "C:\Users\haven\OneDrive\Documents\Repositories\clucene\compiled\CMakeFiles\CMakeTmp\cmTC_14770.vcxproj" on node 1 (default targets).
PrepareForBuild:
  Creating directory "cmTC_14770.dir\Debug\".
  Creating directory "C:\Users\haven\OneDrive\Documents\Repositories\clucene\compiled\CMakeFiles\CMakeTmp\Debug\".
  Creating directory "cmTC_14770.dir\Debug\cmTC_14770.tlog\".
InitializeBuildStatus:
  Creating "cmTC_14770.dir\Debug\cmTC_14770.tlog\unsuccessfulbuild" because "AlwaysCreate" was specified.
ClCompile:
  C:\Program Files (x86)\Microsoft Visual Studio 14.0\VC\bin\CL.exe /c /Zi /W3 /WX- /Od /Ob0 /Oy- /D WIN32 /D _WINDOWS /D _DEBUG /D "CMAKE_INTDIR=\"Debug\"" /D _MBCS /Gm- /EHsc /RTC1 /MDd /GS /fp:precise /Zc:wchar_t /Zc:forScope /Zc:inline /GR /Fo"cmTC_14770.dir\Debug\\" /Fd"cmTC_14770.dir\Debug\vc140.pdb" /Gd /TP /analyze- /errorReport:queue C:\Users\haven\OneDrive\Documents\Repositories\clucene\compiled\CMakeFiles\CMakeTmp\CheckIncludeFile.cxx
  Microsoft (R) C/C++ Optimizing Compiler Version 19.00.24215.1 for x86
  Copyright (C) Microsoft Corporation.  All rights reserved.
  
  cl /c /Zi /W3 /WX- /Od /Ob0 /Oy- /D WIN32 /D _WINDOWS /D _DEBUG /D "CMAKE_INTDIR=\"Debug\"" /D _MBCS /Gm- /EHsc /RTC1 /MDd /GS /fp:precise /Zc:wchar_t /Zc:forScope /Zc:inline /GR /Fo"cmTC_14770.dir\Debug\\" /Fd"cmTC_14770.dir\Debug\vc140.pdb" /Gd /TP /analyze- /errorReport:queue C:\Users\haven\OneDrive\Documents\Repositories\clucene\compiled\CMakeFiles\CMakeTmp\CheckIncludeFile.cxx
  
  CheckIncludeFile.cxx
C:\Users\haven\OneDrive\Documents\Repositories\clucene\compiled\CMakeFiles\CMakeTmp\CheckIncludeFile.cxx(1): fatal error C1083: Cannot open include file: 'sys/dir.h': No such file or directory [C:\Users\haven\OneDrive\Documents\Repositories\clucene\compiled\CMakeFiles\CMakeTmp\cmTC_14770.vcxproj]
Done Building Project "C:\Users\haven\OneDrive\Documents\Repositories\clucene\compiled\CMakeFiles\CMakeTmp\cmTC_14770.vcxproj" (default targets) -- FAILED.

Build FAILED.

"C:\Users\haven\OneDrive\Documents\Repositories\clucene\compiled\CMakeFiles\CMakeTmp\cmTC_14770.vcxproj" (default target) (1) ->
(ClCompile target) -> 
  C:\Users\haven\OneDrive\Documents\Repositories\clucene\compiled\CMakeFiles\CMakeTmp\CheckIncludeFile.cxx(1): fatal error C1083: Cannot open include file: 'sys/dir.h': No such file or directory [C:\Users\haven\OneDrive\Documents\Repositories\clucene\compiled\CMakeFiles\CMakeTmp\cmTC_14770.vcxproj]

    0 Warning(s)
    1 Error(s)

Time Elapsed 00:00:00.29


Determining if the include file sys/ndir.h exists failed with the following output:
Change Dir: C:/Users/haven/OneDrive/Documents/Repositories/clucene/compiled/CMakeFiles/CMakeTmp

Run Build Command:"C:/Program Files (x86)/MSBuild/14.0/bin/MSBuild.exe" "cmTC_90634.vcxproj" "/p:Configuration=Debug" "/p:VisualStudioVersion=14.0"
Microsoft (R) Build Engine version 14.0.25420.1
Copyright (C) Microsoft Corporation. All rights reserved.

Build started 2/4/2017 8:23:49 AM.
Project "C:\Users\haven\OneDrive\Documents\Repositories\clucene\compiled\CMakeFiles\CMakeTmp\cmTC_90634.vcxproj" on node 1 (default targets).
PrepareForBuild:
  Creating directory "cmTC_90634.dir\Debug\".
  Creating directory "C:\Users\haven\OneDrive\Documents\Repositories\clucene\compiled\CMakeFiles\CMakeTmp\Debug\".
  Creating directory "cmTC_90634.dir\Debug\cmTC_90634.tlog\".
InitializeBuildStatus:
  Creating "cmTC_90634.dir\Debug\cmTC_90634.tlog\unsuccessfulbuild" because "AlwaysCreate" was specified.
ClCompile:
  C:\Program Files (x86)\Microsoft Visual Studio 14.0\VC\bin\CL.exe /c /Zi /W3 /WX- /Od /Ob0 /Oy- /D WIN32 /D _WINDOWS /D _DEBUG /D "CMAKE_INTDIR=\"Debug\"" /D _MBCS /Gm- /EHsc /RTC1 /MDd /GS /fp:precise /Zc:wchar_t /Zc:forScope /Zc:inline /GR /Fo"cmTC_90634.dir\Debug\\" /Fd"cmTC_90634.dir\Debug\vc140.pdb" /Gd /TP /analyze- /errorReport:queue C:\Users\haven\OneDrive\Documents\Repositories\clucene\compiled\CMakeFiles\CMakeTmp\CheckIncludeFile.cxx
  Microsoft (R) C/C++ Optimizing Compiler Version 19.00.24215.1 for x86
  Copyright (C) Microsoft Corporation.  All rights reserved.
  
  cl /c /Zi /W3 /WX- /Od /Ob0 /Oy- /D WIN32 /D _WINDOWS /D _DEBUG /D "CMAKE_INTDIR=\"Debug\"" /D _MBCS /Gm- /EHsc /RTC1 /MDd /GS /fp:precise /Zc:wchar_t /Zc:forScope /Zc:inline /GR /Fo"cmTC_90634.dir\Debug\\" /Fd"cmTC_90634.dir\Debug\vc140.pdb" /Gd /TP /analyze- /errorReport:queue C:\Users\haven\OneDrive\Documents\Repositories\clucene\compiled\CMakeFiles\CMakeTmp\CheckIncludeFile.cxx
  
  CheckIncludeFile.cxx
C:\Users\haven\OneDrive\Documents\Repositories\clucene\compiled\CMakeFiles\CMakeTmp\CheckIncludeFile.cxx(1): fatal error C1083: Cannot open include file: 'sys/ndir.h': No such file or directory [C:\Users\haven\OneDrive\Documents\Repositories\clucene\compiled\CMakeFiles\CMakeTmp\cmTC_90634.vcxproj]
Done Building Project "C:\Users\haven\OneDrive\Documents\Repositories\clucene\compiled\CMakeFiles\CMakeTmp\cmTC_90634.vcxproj" (default targets) -- FAILED.

Build FAILED.

"C:\Users\haven\OneDrive\Documents\Repositories\clucene\compiled\CMakeFiles\CMakeTmp\cmTC_90634.vcxproj" (default target) (1) ->
(ClCompile target) -> 
  C:\Users\haven\OneDrive\Documents\Repositories\clucene\compiled\CMakeFiles\CMakeTmp\CheckIncludeFile.cxx(1): fatal error C1083: Cannot open include file: 'sys/ndir.h': No such file or directory [C:\Users\haven\OneDrive\Documents\Repositories\clucene\compiled\CMakeFiles\CMakeTmp\cmTC_90634.vcxproj]

    0 Warning(s)
    1 Error(s)

Time Elapsed 00:00:00.29


Determining if the include file dirent.h exists failed with the following output:
Change Dir: C:/Users/haven/OneDrive/Documents/Repositories/clucene/compiled/CMakeFiles/CMakeTmp

Run Build Command:"C:/Program Files (x86)/MSBuild/14.0/bin/MSBuild.exe" "cmTC_6f71e.vcxproj" "/p:Configuration=Debug" "/p:VisualStudioVersion=14.0"
Microsoft (R) Build Engine version 14.0.25420.1
Copyright (C) Microsoft Corporation. All rights reserved.

Build started 2/4/2017 8:23:49 AM.
Project "C:\Users\haven\OneDrive\Documents\Repositories\clucene\compiled\CMakeFiles\CMakeTmp\cmTC_6f71e.vcxproj" on node 1 (default targets).
PrepareForBuild:
  Creating directory "cmTC_6f71e.dir\Debug\".
  Creating directory "C:\Users\haven\OneDrive\Documents\Repositories\clucene\compiled\CMakeFiles\CMakeTmp\Debug\".
  Creating directory "cmTC_6f71e.dir\Debug\cmTC_6f71e.tlog\".
InitializeBuildStatus:
  Creating "cmTC_6f71e.dir\Debug\cmTC_6f71e.tlog\unsuccessfulbuild" because "AlwaysCreate" was specified.
ClCompile:
  C:\Program Files (x86)\Microsoft Visual Studio 14.0\VC\bin\CL.exe /c /Zi /W3 /WX- /Od /Ob0 /Oy- /D WIN32 /D _WINDOWS /D _DEBUG /D "CMAKE_INTDIR=\"Debug\"" /D _MBCS /Gm- /EHsc /RTC1 /MDd /GS /fp:precise /Zc:wchar_t /Zc:forScope /Zc:inline /GR /Fo"cmTC_6f71e.dir\Debug\\" /Fd"cmTC_6f71e.dir\Debug\vc140.pdb" /Gd /TP /analyze- /errorReport:queue C:\Users\haven\OneDrive\Documents\Repositories\clucene\compiled\CMakeFiles\CMakeTmp\CheckIncludeFile.cxx
  Microsoft (R) C/C++ Optimizing Compiler Version 19.00.24215.1 for x86
  Copyright (C) Microsoft Corporation.  All rights reserved.
  
  cl /c /Zi /W3 /WX- /Od /Ob0 /Oy- /D WIN32 /D _WINDOWS /D _DEBUG /D "CMAKE_INTDIR=\"Debug\"" /D _MBCS /Gm- /EHsc /RTC1 /MDd /GS /fp:precise /Zc:wchar_t /Zc:forScope /Zc:inline /GR /Fo"cmTC_6f71e.dir\Debug\\" /Fd"cmTC_6f71e.dir\Debug\vc140.pdb" /Gd /TP /analyze- /errorReport:queue C:\Users\haven\OneDrive\Documents\Repositories\clucene\compiled\CMakeFiles\CMakeTmp\CheckIncludeFile.cxx
  
  CheckIncludeFile.cxx
C:\Users\haven\OneDrive\Documents\Repositories\clucene\compiled\CMakeFiles\CMakeTmp\CheckIncludeFile.cxx(1): fatal error C1083: Cannot open include file: 'dirent.h': No such file or directory [C:\Users\haven\OneDrive\Documents\Repositories\clucene\compiled\CMakeFiles\CMakeTmp\cmTC_6f71e.vcxproj]
Done Building Project "C:\Users\haven\OneDrive\Documents\Repositories\clucene\compiled\CMakeFiles\CMakeTmp\cmTC_6f71e.vcxproj" (default targets) -- FAILED.

Build FAILED.

"C:\Users\haven\OneDrive\Documents\Repositories\clucene\compiled\CMakeFiles\CMakeTmp\cmTC_6f71e.vcxproj" (default target) (1) ->
(ClCompile target) -> 
  C:\Users\haven\OneDrive\Documents\Repositories\clucene\compiled\CMakeFiles\CMakeTmp\CheckIncludeFile.cxx(1): fatal error C1083: Cannot open include file: 'dirent.h': No such file or directory [C:\Users\haven\OneDrive\Documents\Repositories\clucene\compiled\CMakeFiles\CMakeTmp\cmTC_6f71e.vcxproj]

    0 Warning(s)
    1 Error(s)

Time Elapsed 00:00:00.31


Determining if the include file stat.h exists failed with the following output:
Change Dir: C:/Users/haven/OneDrive/Documents/Repositories/clucene/compiled/CMakeFiles/CMakeTmp

Run Build Command:"C:/Program Files (x86)/MSBuild/14.0/bin/MSBuild.exe" "cmTC_b0d78.vcxproj" "/p:Configuration=Debug" "/p:VisualStudioVersion=14.0"
Microsoft (R) Build Engine version 14.0.25420.1
Copyright (C) Microsoft Corporation. All rights reserved.

Build started 2/4/2017 8:23:50 AM.
Project "C:\Users\haven\OneDrive\Documents\Repositories\clucene\compiled\CMakeFiles\CMakeTmp\cmTC_b0d78.vcxproj" on node 1 (default targets).
PrepareForBuild:
  Creating directory "cmTC_b0d78.dir\Debug\".
  Creating directory "C:\Users\haven\OneDrive\Documents\Repositories\clucene\compiled\CMakeFiles\CMakeTmp\Debug\".
  Creating directory "cmTC_b0d78.dir\Debug\cmTC_b0d78.tlog\".
InitializeBuildStatus:
  Creating "cmTC_b0d78.dir\Debug\cmTC_b0d78.tlog\unsuccessfulbuild" because "AlwaysCreate" was specified.
ClCompile:
  C:\Program Files (x86)\Microsoft Visual Studio 14.0\VC\bin\CL.exe /c /Zi /W3 /WX- /Od /Ob0 /Oy- /D WIN32 /D _WINDOWS /D _DEBUG /D "CMAKE_INTDIR=\"Debug\"" /D _MBCS /Gm- /EHsc /RTC1 /MDd /GS /fp:precise /Zc:wchar_t /Zc:forScope /Zc:inline /GR /Fo"cmTC_b0d78.dir\Debug\\" /Fd"cmTC_b0d78.dir\Debug\vc140.pdb" /Gd /TP /analyze- /errorReport:queue C:\Users\haven\OneDrive\Documents\Repositories\clucene\compiled\CMakeFiles\CMakeTmp\CheckIncludeFile.cxx
  Microsoft (R) C/C++ Optimizing Compiler Version 19.00.24215.1 for x86
  Copyright (C) Microsoft Corporation.  All rights reserved.
  
  cl /c /Zi /W3 /WX- /Od /Ob0 /Oy- /D WIN32 /D _WINDOWS /D _DEBUG /D "CMAKE_INTDIR=\"Debug\"" /D _MBCS /Gm- /EHsc /RTC1 /MDd /GS /fp:precise /Zc:wchar_t /Zc:forScope /Zc:inline /GR /Fo"cmTC_b0d78.dir\Debug\\" /Fd"cmTC_b0d78.dir\Debug\vc140.pdb" /Gd /TP /analyze- /errorReport:queue C:\Users\haven\OneDrive\Documents\Repositories\clucene\compiled\CMakeFiles\CMakeTmp\CheckIncludeFile.cxx
  
  CheckIncludeFile.cxx
C:\Users\haven\OneDrive\Documents\Repositories\clucene\compiled\CMakeFiles\CMakeTmp\CheckIncludeFile.cxx(1): fatal error C1083: Cannot open include file: 'stat.h': No such file or directory [C:\Users\haven\OneDrive\Documents\Repositories\clucene\compiled\CMakeFiles\CMakeTmp\cmTC_b0d78.vcxproj]
Done Building Project "C:\Users\haven\OneDrive\Documents\Repositories\clucene\compiled\CMakeFiles\CMakeTmp\cmTC_b0d78.vcxproj" (default targets) -- FAILED.

Build FAILED.

"C:\Users\haven\OneDrive\Documents\Repositories\clucene\compiled\CMakeFiles\CMakeTmp\cmTC_b0d78.vcxproj" (default target) (1) ->
(ClCompile target) -> 
  C:\Users\haven\OneDrive\Documents\Repositories\clucene\compiled\CMakeFiles\CMakeTmp\CheckIncludeFile.cxx(1): fatal error C1083: Cannot open include file: 'stat.h': No such file or directory [C:\Users\haven\OneDrive\Documents\Repositories\clucene\compiled\CMakeFiles\CMakeTmp\cmTC_b0d78.vcxproj]

    0 Warning(s)
    1 Error(s)

Time Elapsed 00:00:00.34


Determining if the include file windef.h exists failed with the following output:
Change Dir: C:/Users/haven/OneDrive/Documents/Repositories/clucene/compiled/CMakeFiles/CMakeTmp

Run Build Command:"C:/Program Files (x86)/MSBuild/14.0/bin/MSBuild.exe" "cmTC_34ef8.vcxproj" "/p:Configuration=Debug" "/p:VisualStudioVersion=14.0"
Microsoft (R) Build Engine version 14.0.25420.1
Copyright (C) Microsoft Corporation. All rights reserved.

Build started 2/4/2017 8:23:52 AM.
Project "C:\Users\haven\OneDrive\Documents\Repositories\clucene\compiled\CMakeFiles\CMakeTmp\cmTC_34ef8.vcxproj" on node 1 (default targets).
PrepareForBuild:
  Creating directory "cmTC_34ef8.dir\Debug\".
  Creating directory "C:\Users\haven\OneDrive\Documents\Repositories\clucene\compiled\CMakeFiles\CMakeTmp\Debug\".
  Creating directory "cmTC_34ef8.dir\Debug\cmTC_34ef8.tlog\".
InitializeBuildStatus:
  Creating "cmTC_34ef8.dir\Debug\cmTC_34ef8.tlog\unsuccessfulbuild" because "AlwaysCreate" was specified.
ClCompile:
  C:\Program Files (x86)\Microsoft Visual Studio 14.0\VC\bin\CL.exe /c /Zi /W3 /WX- /Od /Ob0 /Oy- /D WIN32 /D _WINDOWS /D _DEBUG /D "CMAKE_INTDIR=\"Debug\"" /D _MBCS /Gm- /EHsc /RTC1 /MDd /GS /fp:precise /Zc:wchar_t /Zc:forScope /Zc:inline /GR /Fo"cmTC_34ef8.dir\Debug\\" /Fd"cmTC_34ef8.dir\Debug\vc140.pdb" /Gd /TP /analyze- /errorReport:queue C:\Users\haven\OneDrive\Documents\Repositories\clucene\compiled\CMakeFiles\CMakeTmp\CheckIncludeFile.cxx
  Microsoft (R) C/C++ Optimizing Compiler Version 19.00.24215.1 for x86
  Copyright (C) Microsoft Corporation.  All rights reserved.
  
  cl /c /Zi /W3 /WX- /Od /Ob0 /Oy- /D WIN32 /D _WINDOWS /D _DEBUG /D "CMAKE_INTDIR=\"Debug\"" /D _MBCS /Gm- /EHsc /RTC1 /MDd /GS /fp:precise /Zc:wchar_t /Zc:forScope /Zc:inline /GR /Fo"cmTC_34ef8.dir\Debug\\" /Fd"cmTC_34ef8.dir\Debug\vc140.pdb" /Gd /TP /analyze- /errorReport:queue C:\Users\haven\OneDrive\Documents\Repositories\clucene\compiled\CMakeFiles\CMakeTmp\CheckIncludeFile.cxx
  
  CheckIncludeFile.cxx
C:\Program Files (x86)\Windows Kits\10\Include\10.0.10586.0\um\winnt.h(154): fatal error C1189: #error:  "No Target Architecture" [C:\Users\haven\OneDrive\Documents\Repositories\clucene\compiled\CMakeFiles\CMakeTmp\cmTC_34ef8.vcxproj]
Done Building Project "C:\Users\haven\OneDrive\Documents\Repositories\clucene\compiled\CMakeFiles\CMakeTmp\cmTC_34ef8.vcxproj" (default targets) -- FAILED.

Build FAILED.

"C:\Users\haven\OneDrive\Documents\Repositories\clucene\compiled\CMakeFiles\CMakeTmp\cmTC_34ef8.vcxproj" (default target) (1) ->
(ClCompile target) -> 
  C:\Program Files (x86)\Windows Kits\10\Include\10.0.10586.0\um\winnt.h(154): fatal error C1189: #error:  "No Target Architecture" [C:\Users\haven\OneDrive\Documents\Repositories\clucene\compiled\CMakeFiles\CMakeTmp\cmTC_34ef8.vcxproj]

    0 Warning(s)
    1 Error(s)

Time Elapsed 00:00:00.32


Determining if the include file hash_map exists failed with the following output:
Change Dir: C:/Users/haven/OneDrive/Documents/Repositories/clucene/compiled/CMakeFiles/CMakeTmp

Run Build Command:"C:/Program Files (x86)/MSBuild/14.0/bin/MSBuild.exe" "cmTC_648e7.vcxproj" "/p:Configuration=Debug" "/p:VisualStudioVersion=14.0"
Microsoft (R) Build Engine version 14.0.25420.1
Copyright (C) Microsoft Corporation. All rights reserved.

Build started 2/4/2017 8:23:54 AM.
Project "C:\Users\haven\OneDrive\Documents\Repositories\clucene\compiled\CMakeFiles\CMakeTmp\cmTC_648e7.vcxproj" on node 1 (default targets).
PrepareForBuild:
  Creating directory "cmTC_648e7.dir\Debug\".
  Creating directory "C:\Users\haven\OneDrive\Documents\Repositories\clucene\compiled\CMakeFiles\CMakeTmp\Debug\".
  Creating directory "cmTC_648e7.dir\Debug\cmTC_648e7.tlog\".
InitializeBuildStatus:
  Creating "cmTC_648e7.dir\Debug\cmTC_648e7.tlog\unsuccessfulbuild" because "AlwaysCreate" was specified.
ClCompile:
  C:\Program Files (x86)\Microsoft Visual Studio 14.0\VC\bin\CL.exe /c /Zi /W3 /WX- /Od /Ob0 /Oy- /D WIN32 /D _WINDOWS /D _DEBUG /D "CMAKE_INTDIR=\"Debug\"" /D _MBCS /Gm- /EHsc /RTC1 /MDd /GS /fp:precise /Zc:wchar_t /Zc:forScope /Zc:inline /GR /Fo"cmTC_648e7.dir\Debug\\" /Fd"cmTC_648e7.dir\Debug\vc140.pdb" /Gd /TP /analyze- /errorReport:queue C:\Users\haven\OneDrive\Documents\Repositories\clucene\compiled\CMakeFiles\CMakeTmp\CheckIncludeFile.cxx
  Microsoft (R) C/C++ Optimizing Compiler Version 19.00.24215.1 for x86
  Copyright (C) Microsoft Corporation.  All rights reserved.
  
  cl /c /Zi /W3 /WX- /Od /Ob0 /Oy- /D WIN32 /D _WINDOWS /D _DEBUG /D "CMAKE_INTDIR=\"Debug\"" /D _MBCS /Gm- /EHsc /RTC1 /MDd /GS /fp:precise /Zc:wchar_t /Zc:forScope /Zc:inline /GR /Fo"cmTC_648e7.dir\Debug\\" /Fd"cmTC_648e7.dir\Debug\vc140.pdb" /Gd /TP /analyze- /errorReport:queue C:\Users\haven\OneDrive\Documents\Repositories\clucene\compiled\CMakeFiles\CMakeTmp\CheckIncludeFile.cxx
  
  CheckIncludeFile.cxx
C:\Program Files (x86)\Microsoft Visual Studio 14.0\VC\include\hash_map(17): error C2338: <hash_map> is deprecated and will be REMOVED. Please use <unordered_map>. You can define _SILENCE_STDEXT_HASH_DEPRECATION_WARNINGS to acknowledge that you have received this warning. [C:\Users\haven\OneDrive\Documents\Repositories\clucene\compiled\CMakeFiles\CMakeTmp\cmTC_648e7.vcxproj]
Done Building Project "C:\Users\haven\OneDrive\Documents\Repositories\clucene\compiled\CMakeFiles\CMakeTmp\cmTC_648e7.vcxproj" (default targets) -- FAILED.

Build FAILED.

"C:\Users\haven\OneDrive\Documents\Repositories\clucene\compiled\CMakeFiles\CMakeTmp\cmTC_648e7.vcxproj" (default target) (1) ->
(ClCompile target) -> 
  C:\Program Files (x86)\Microsoft Visual Studio 14.0\VC\include\hash_map(17): error C2338: <hash_map> is deprecated and will be REMOVED. Please use <unordered_map>. You can define _SILENCE_STDEXT_HASH_DEPRECATION_WARNINGS to acknowledge that you have received this warning. [C:\Users\haven\OneDrive\Documents\Repositories\clucene\compiled\CMakeFiles\CMakeTmp\cmTC_648e7.vcxproj]

    0 Warning(s)
    1 Error(s)

Time Elapsed 00:00:00.47


Determining if the include file hash_set exists failed with the following output:
Change Dir: C:/Users/haven/OneDrive/Documents/Repositories/clucene/compiled/CMakeFiles/CMakeTmp

Run Build Command:"C:/Program Files (x86)/MSBuild/14.0/bin/MSBuild.exe" "cmTC_6dd50.vcxproj" "/p:Configuration=Debug" "/p:VisualStudioVersion=14.0"
Microsoft (R) Build Engine version 14.0.25420.1
Copyright (C) Microsoft Corporation. All rights reserved.

Build started 2/4/2017 8:23:55 AM.
Project "C:\Users\haven\OneDrive\Documents\Repositories\clucene\compiled\CMakeFiles\CMakeTmp\cmTC_6dd50.vcxproj" on node 1 (default targets).
PrepareForBuild:
  Creating directory "cmTC_6dd50.dir\Debug\".
  Creating directory "C:\Users\haven\OneDrive\Documents\Repositories\clucene\compiled\CMakeFiles\CMakeTmp\Debug\".
  Creating directory "cmTC_6dd50.dir\Debug\cmTC_6dd50.tlog\".
InitializeBuildStatus:
  Creating "cmTC_6dd50.dir\Debug\cmTC_6dd50.tlog\unsuccessfulbuild" because "AlwaysCreate" was specified.
ClCompile:
  C:\Program Files (x86)\Microsoft Visual Studio 14.0\VC\bin\CL.exe /c /Zi /W3 /WX- /Od /Ob0 /Oy- /D WIN32 /D _WINDOWS /D _DEBUG /D "CMAKE_INTDIR=\"Debug\"" /D _MBCS /Gm- /EHsc /RTC1 /MDd /GS /fp:precise /Zc:wchar_t /Zc:forScope /Zc:inline /GR /Fo"cmTC_6dd50.dir\Debug\\" /Fd"cmTC_6dd50.dir\Debug\vc140.pdb" /Gd /TP /analyze- /errorReport:queue C:\Users\haven\OneDrive\Documents\Repositories\clucene\compiled\CMakeFiles\CMakeTmp\CheckIncludeFile.cxx
  Microsoft (R) C/C++ Optimizing Compiler Version 19.00.24215.1 for x86
  Copyright (C) Microsoft Corporation.  All rights reserved.
  
  cl /c /Zi /W3 /WX- /Od /Ob0 /Oy- /D WIN32 /D _WINDOWS /D _DEBUG /D "CMAKE_INTDIR=\"Debug\"" /D _MBCS /Gm- /EHsc /RTC1 /MDd /GS /fp:precise /Zc:wchar_t /Zc:forScope /Zc:inline /GR /Fo"cmTC_6dd50.dir\Debug\\" /Fd"cmTC_6dd50.dir\Debug\vc140.pdb" /Gd /TP /analyze- /errorReport:queue C:\Users\haven\OneDrive\Documents\Repositories\clucene\compiled\CMakeFiles\CMakeTmp\CheckIncludeFile.cxx
  
  CheckIncludeFile.cxx
C:\Program Files (x86)\Microsoft Visual Studio 14.0\VC\include\hash_set(17): error C2338: <hash_set> is deprecated and will be REMOVED. Please use <unordered_set>. You can define _SILENCE_STDEXT_HASH_DEPRECATION_WARNINGS to acknowledge that you have received this warning. [C:\Users\haven\OneDrive\Documents\Repositories\clucene\compiled\CMakeFiles\CMakeTmp\cmTC_6dd50.vcxproj]
Done Building Project "C:\Users\haven\OneDrive\Documents\Repositories\clucene\compiled\CMakeFiles\CMakeTmp\cmTC_6dd50.vcxproj" (default targets) -- FAILED.

Build FAILED.

"C:\Users\haven\OneDrive\Documents\Repositories\clucene\compiled\CMakeFiles\CMakeTmp\cmTC_6dd50.vcxproj" (default target) (1) ->
(ClCompile target) -> 
  C:\Program Files (x86)\Microsoft Visual Studio 14.0\VC\include\hash_set(17): error C2338: <hash_set> is deprecated and will be REMOVED. Please use <unordered_set>. You can define _SILENCE_STDEXT_HASH_DEPRECATION_WARNINGS to acknowledge that you have received this warning. [C:\Users\haven\OneDrive\Documents\Repositories\clucene\compiled\CMakeFiles\CMakeTmp\cmTC_6dd50.vcxproj]

    0 Warning(s)
    1 Error(s)

Time Elapsed 00:00:00.46


Determining if the include file ext/hash_map exists failed with the following output:
Change Dir: C:/Users/haven/OneDrive/Documents/Repositories/clucene/compiled/CMakeFiles/CMakeTmp

Run Build Command:"C:/Program Files (x86)/MSBuild/14.0/bin/MSBuild.exe" "cmTC_56e32.vcxproj" "/p:Configuration=Debug" "/p:VisualStudioVersion=14.0"
Microsoft (R) Build Engine version 14.0.25420.1
Copyright (C) Microsoft Corporation. All rights reserved.

Build started 2/4/2017 8:23:56 AM.
Project "C:\Users\haven\OneDrive\Documents\Repositories\clucene\compiled\CMakeFiles\CMakeTmp\cmTC_56e32.vcxproj" on node 1 (default targets).
PrepareForBuild:
  Creating directory "cmTC_56e32.dir\Debug\".
  Creating directory "C:\Users\haven\OneDrive\Documents\Repositories\clucene\compiled\CMakeFiles\CMakeTmp\Debug\".
  Creating directory "cmTC_56e32.dir\Debug\cmTC_56e32.tlog\".
InitializeBuildStatus:
  Creating "cmTC_56e32.dir\Debug\cmTC_56e32.tlog\unsuccessfulbuild" because "AlwaysCreate" was specified.
ClCompile:
  C:\Program Files (x86)\Microsoft Visual Studio 14.0\VC\bin\CL.exe /c /Zi /W3 /WX- /Od /Ob0 /Oy- /D WIN32 /D _WINDOWS /D _DEBUG /D "CMAKE_INTDIR=\"Debug\"" /D _MBCS /Gm- /EHsc /RTC1 /MDd /GS /fp:precise /Zc:wchar_t /Zc:forScope /Zc:inline /GR /Fo"cmTC_56e32.dir\Debug\\" /Fd"cmTC_56e32.dir\Debug\vc140.pdb" /Gd /TP /analyze- /errorReport:queue C:\Users\haven\OneDrive\Documents\Repositories\clucene\compiled\CMakeFiles\CMakeTmp\CheckIncludeFile.cxx
  Microsoft (R) C/C++ Optimizing Compiler Version 19.00.24215.1 for x86
  Copyright (C) Microsoft Corporation.  All rights reserved.
  
  cl /c /Zi /W3 /WX- /Od /Ob0 /Oy- /D WIN32 /D _WINDOWS /D _DEBUG /D "CMAKE_INTDIR=\"Debug\"" /D _MBCS /Gm- /EHsc /RTC1 /MDd /GS /fp:precise /Zc:wchar_t /Zc:forScope /Zc:inline /GR /Fo"cmTC_56e32.dir\Debug\\" /Fd"cmTC_56e32.dir\Debug\vc140.pdb" /Gd /TP /analyze- /errorReport:queue C:\Users\haven\OneDrive\Documents\Repositories\clucene\compiled\CMakeFiles\CMakeTmp\CheckIncludeFile.cxx
  
  CheckIncludeFile.cxx
C:\Users\haven\OneDrive\Documents\Repositories\clucene\compiled\CMakeFiles\CMakeTmp\CheckIncludeFile.cxx(1): fatal error C1083: Cannot open include file: 'ext/hash_map': No such file or directory [C:\Users\haven\OneDrive\Documents\Repositories\clucene\compiled\CMakeFiles\CMakeTmp\cmTC_56e32.vcxproj]
Done Building Project "C:\Users\haven\OneDrive\Documents\Repositories\clucene\compiled\CMakeFiles\CMakeTmp\cmTC_56e32.vcxproj" (default targets) -- FAILED.

Build FAILED.

"C:\Users\haven\OneDrive\Documents\Repositories\clucene\compiled\CMakeFiles\CMakeTmp\cmTC_56e32.vcxproj" (default target) (1) ->
(ClCompile target) -> 
  C:\Users\haven\OneDrive\Documents\Repositories\clucene\compiled\CMakeFiles\CMakeTmp\CheckIncludeFile.cxx(1): fatal error C1083: Cannot open include file: 'ext/hash_map': No such file or directory [C:\Users\haven\OneDrive\Documents\Repositories\clucene\compiled\CMakeFiles\CMakeTmp\cmTC_56e32.vcxproj]

    0 Warning(s)
    1 Error(s)

Time Elapsed 00:00:00.29


Determining if the include file tr1/unordered_set exists failed with the following output:
Change Dir: C:/Users/haven/OneDrive/Documents/Repositories/clucene/compiled/CMakeFiles/CMakeTmp

Run Build Command:"C:/Program Files (x86)/MSBuild/14.0/bin/MSBuild.exe" "cmTC_b8c76.vcxproj" "/p:Configuration=Debug" "/p:VisualStudioVersion=14.0"
Microsoft (R) Build Engine version 14.0.25420.1
Copyright (C) Microsoft Corporation. All rights reserved.

Build started 2/4/2017 8:23:56 AM.
Project "C:\Users\haven\OneDrive\Documents\Repositories\clucene\compiled\CMakeFiles\CMakeTmp\cmTC_b8c76.vcxproj" on node 1 (default targets).
PrepareForBuild:
  Creating directory "cmTC_b8c76.dir\Debug\".
  Creating directory "C:\Users\haven\OneDrive\Documents\Repositories\clucene\compiled\CMakeFiles\CMakeTmp\Debug\".
  Creating directory "cmTC_b8c76.dir\Debug\cmTC_b8c76.tlog\".
InitializeBuildStatus:
  Creating "cmTC_b8c76.dir\Debug\cmTC_b8c76.tlog\unsuccessfulbuild" because "AlwaysCreate" was specified.
ClCompile:
  C:\Program Files (x86)\Microsoft Visual Studio 14.0\VC\bin\CL.exe /c /Zi /W3 /WX- /Od /Ob0 /Oy- /D WIN32 /D _WINDOWS /D _DEBUG /D "CMAKE_INTDIR=\"Debug\"" /D _MBCS /Gm- /EHsc /RTC1 /MDd /GS /fp:precise /Zc:wchar_t /Zc:forScope /Zc:inline /GR /Fo"cmTC_b8c76.dir\Debug\\" /Fd"cmTC_b8c76.dir\Debug\vc140.pdb" /Gd /TP /analyze- /errorReport:queue C:\Users\haven\OneDrive\Documents\Repositories\clucene\compiled\CMakeFiles\CMakeTmp\CheckIncludeFile.cxx
  Microsoft (R) C/C++ Optimizing Compiler Version 19.00.24215.1 for x86
  Copyright (C) Microsoft Corporation.  All rights reserved.
  
  cl /c /Zi /W3 /WX- /Od /Ob0 /Oy- /D WIN32 /D _WINDOWS /D _DEBUG /D "CMAKE_INTDIR=\"Debug\"" /D _MBCS /Gm- /EHsc /RTC1 /MDd /GS /fp:precise /Zc:wchar_t /Zc:forScope /Zc:inline /GR /Fo"cmTC_b8c76.dir\Debug\\" /Fd"cmTC_b8c76.dir\Debug\vc140.pdb" /Gd /TP /analyze- /errorReport:queue C:\Users\haven\OneDrive\Documents\Repositories\clucene\compiled\CMakeFiles\CMakeTmp\CheckIncludeFile.cxx
  
  CheckIncludeFile.cxx
C:\Users\haven\OneDrive\Documents\Repositories\clucene\compiled\CMakeFiles\CMakeTmp\CheckIncludeFile.cxx(1): fatal error C1083: Cannot open include file: 'tr1/unordered_set': No such file or directory [C:\Users\haven\OneDrive\Documents\Repositories\clucene\compiled\CMakeFiles\CMakeTmp\cmTC_b8c76.vcxproj]
Done Building Project "C:\Users\haven\OneDrive\Documents\Repositories\clucene\compiled\CMakeFiles\CMakeTmp\cmTC_b8c76.vcxproj" (default targets) -- FAILED.

Build FAILED.

"C:\Users\haven\OneDrive\Documents\Repositories\clucene\compiled\CMakeFiles\CMakeTmp\cmTC_b8c76.vcxproj" (default target) (1) ->
(ClCompile target) -> 
  C:\Users\haven\OneDrive\Documents\Repositories\clucene\compiled\CMakeFiles\CMakeTmp\CheckIncludeFile.cxx(1): fatal error C1083: Cannot open include file: 'tr1/unordered_set': No such file or directory [C:\Users\haven\OneDrive\Documents\Repositories\clucene\compiled\CMakeFiles\CMakeTmp\cmTC_b8c76.vcxproj]

    0 Warning(s)
    1 Error(s)

Time Elapsed 00:00:00.32


Determining if the include file tr1/unordered_map exists failed with the following output:
Change Dir: C:/Users/haven/OneDrive/Documents/Repositories/clucene/compiled/CMakeFiles/CMakeTmp

Run Build Command:"C:/Program Files (x86)/MSBuild/14.0/bin/MSBuild.exe" "cmTC_8d97a.vcxproj" "/p:Configuration=Debug" "/p:VisualStudioVersion=14.0"
Microsoft (R) Build Engine version 14.0.25420.1
Copyright (C) Microsoft Corporation. All rights reserved.

Build started 2/4/2017 8:23:56 AM.
Project "C:\Users\haven\OneDrive\Documents\Repositories\clucene\compiled\CMakeFiles\CMakeTmp\cmTC_8d97a.vcxproj" on node 1 (default targets).
PrepareForBuild:
  Creating directory "cmTC_8d97a.dir\Debug\".
  Creating directory "C:\Users\haven\OneDrive\Documents\Repositories\clucene\compiled\CMakeFiles\CMakeTmp\Debug\".
  Creating directory "cmTC_8d97a.dir\Debug\cmTC_8d97a.tlog\".
InitializeBuildStatus:
  Creating "cmTC_8d97a.dir\Debug\cmTC_8d97a.tlog\unsuccessfulbuild" because "AlwaysCreate" was specified.
ClCompile:
  C:\Program Files (x86)\Microsoft Visual Studio 14.0\VC\bin\CL.exe /c /Zi /W3 /WX- /Od /Ob0 /Oy- /D WIN32 /D _WINDOWS /D _DEBUG /D "CMAKE_INTDIR=\"Debug\"" /D _MBCS /Gm- /EHsc /RTC1 /MDd /GS /fp:precise /Zc:wchar_t /Zc:forScope /Zc:inline /GR /Fo"cmTC_8d97a.dir\Debug\\" /Fd"cmTC_8d97a.dir\Debug\vc140.pdb" /Gd /TP /analyze- /errorReport:queue C:\Users\haven\OneDrive\Documents\Repositories\clucene\compiled\CMakeFiles\CMakeTmp\CheckIncludeFile.cxx
  Microsoft (R) C/C++ Optimizing Compiler Version 19.00.24215.1 for x86
  Copyright (C) Microsoft Corporation.  All rights reserved.
  
  cl /c /Zi /W3 /WX- /Od /Ob0 /Oy- /D WIN32 /D _WINDOWS /D _DEBUG /D "CMAKE_INTDIR=\"Debug\"" /D _MBCS /Gm- /EHsc /RTC1 /MDd /GS /fp:precise /Zc:wchar_t /Zc:forScope /Zc:inline /GR /Fo"cmTC_8d97a.dir\Debug\\" /Fd"cmTC_8d97a.dir\Debug\vc140.pdb" /Gd /TP /analyze- /errorReport:queue C:\Users\haven\OneDrive\Documents\Repositories\clucene\compiled\CMakeFiles\CMakeTmp\CheckIncludeFile.cxx
  
  CheckIncludeFile.cxx
C:\Users\haven\OneDrive\Documents\Repositories\clucene\compiled\CMakeFiles\CMakeTmp\CheckIncludeFile.cxx(1): fatal error C1083: Cannot open include file: 'tr1/unordered_map': No such file or directory [C:\Users\haven\OneDrive\Documents\Repositories\clucene\compiled\CMakeFiles\CMakeTmp\cmTC_8d97a.vcxproj]
Done Building Project "C:\Users\haven\OneDrive\Documents\Repositories\clucene\compiled\CMakeFiles\CMakeTmp\cmTC_8d97a.vcxproj" (default targets) -- FAILED.

Build FAILED.

"C:\Users\haven\OneDrive\Documents\Repositories\clucene\compiled\CMakeFiles\CMakeTmp\cmTC_8d97a.vcxproj" (default target) (1) ->
(ClCompile target) -> 
  C:\Users\haven\OneDrive\Documents\Repositories\clucene\compiled\CMakeFiles\CMakeTmp\CheckIncludeFile.cxx(1): fatal error C1083: Cannot open include file: 'tr1/unordered_map': No such file or directory [C:\Users\haven\OneDrive\Documents\Repositories\clucene\compiled\CMakeFiles\CMakeTmp\cmTC_8d97a.vcxproj]

    0 Warning(s)
    1 Error(s)

Time Elapsed 00:00:00.31


Determining if the include file strings.h exists failed with the following output:
Change Dir: C:/Users/haven/OneDrive/Documents/Repositories/clucene/compiled/CMakeFiles/CMakeTmp

Run Build Command:"C:/Program Files (x86)/MSBuild/14.0/bin/MSBuild.exe" "cmTC_b7dd1.vcxproj" "/p:Configuration=Debug" "/p:VisualStudioVersion=14.0"
Microsoft (R) Build Engine version 14.0.25420.1
Copyright (C) Microsoft Corporation. All rights reserved.

Build started 2/4/2017 8:23:58 AM.
Project "C:\Users\haven\OneDrive\Documents\Repositories\clucene\compiled\CMakeFiles\CMakeTmp\cmTC_b7dd1.vcxproj" on node 1 (default targets).
PrepareForBuild:
  Creating directory "cmTC_b7dd1.dir\Debug\".
  Creating directory "C:\Users\haven\OneDrive\Documents\Repositories\clucene\compiled\CMakeFiles\CMakeTmp\Debug\".
  Creating directory "cmTC_b7dd1.dir\Debug\cmTC_b7dd1.tlog\".
InitializeBuildStatus:
  Creating "cmTC_b7dd1.dir\Debug\cmTC_b7dd1.tlog\unsuccessfulbuild" because "AlwaysCreate" was specified.
ClCompile:
  C:\Program Files (x86)\Microsoft Visual Studio 14.0\VC\bin\CL.exe /c /Zi /W3 /WX- /Od /Ob0 /Oy- /D WIN32 /D _WINDOWS /D _DEBUG /D "CMAKE_INTDIR=\"Debug\"" /D _MBCS /Gm- /EHsc /RTC1 /MDd /GS /fp:precise /Zc:wchar_t /Zc:forScope /Zc:inline /GR /Fo"cmTC_b7dd1.dir\Debug\\" /Fd"cmTC_b7dd1.dir\Debug\vc140.pdb" /Gd /TP /analyze- /errorReport:queue C:\Users\haven\OneDrive\Documents\Repositories\clucene\compiled\CMakeFiles\CMakeTmp\CheckIncludeFile.cxx
  Microsoft (R) C/C++ Optimizing Compiler Version 19.00.24215.1 for x86
  Copyright (C) Microsoft Corporation.  All rights reserved.
  
  cl /c /Zi /W3 /WX- /Od /Ob0 /Oy- /D WIN32 /D _WINDOWS /D _DEBUG /D "CMAKE_INTDIR=\"Debug\"" /D _MBCS /Gm- /EHsc /RTC1 /MDd /GS /fp:precise /Zc:wchar_t /Zc:forScope /Zc:inline /GR /Fo"cmTC_b7dd1.dir\Debug\\" /Fd"cmTC_b7dd1.dir\Debug\vc140.pdb" /Gd /TP /analyze- /errorReport:queue C:\Users\haven\OneDrive\Documents\Repositories\clucene\compiled\CMakeFiles\CMakeTmp\CheckIncludeFile.cxx
  
  CheckIncludeFile.cxx
C:\Users\haven\OneDrive\Documents\Repositories\clucene\compiled\CMakeFiles\CMakeTmp\CheckIncludeFile.cxx(1): fatal error C1083: Cannot open include file: 'strings.h': No such file or directory [C:\Users\haven\OneDrive\Documents\Repositories\clucene\compiled\CMakeFiles\CMakeTmp\cmTC_b7dd1.vcxproj]
Done Building Project "C:\Users\haven\OneDrive\Documents\Repositories\clucene\compiled\CMakeFiles\CMakeTmp\cmTC_b7dd1.vcxproj" (default targets) -- FAILED.

Build FAILED.

"C:\Users\haven\OneDrive\Documents\Repositories\clucene\compiled\CMakeFiles\CMakeTmp\cmTC_b7dd1.vcxproj" (default target) (1) ->
(ClCompile target) -> 
  C:\Users\haven\OneDrive\Documents\Repositories\clucene\compiled\CMakeFiles\CMakeTmp\CheckIncludeFile.cxx(1): fatal error C1083: Cannot open include file: 'strings.h': No such file or directory [C:\Users\haven\OneDrive\Documents\Repositories\clucene\compiled\CMakeFiles\CMakeTmp\cmTC_b7dd1.vcxproj]

    0 Warning(s)
    1 Error(s)

Time Elapsed 00:00:00.32


Determining if the include file sys/mman.h exists failed with the following output:
Change Dir: C:/Users/haven/OneDrive/Documents/Repositories/clucene/compiled/CMakeFiles/CMakeTmp

Run Build Command:"C:/Program Files (x86)/MSBuild/14.0/bin/MSBuild.exe" "cmTC_2681e.vcxproj" "/p:Configuration=Debug" "/p:VisualStudioVersion=14.0"
Microsoft (R) Build Engine version 14.0.25420.1
Copyright (C) Microsoft Corporation. All rights reserved.

Build started 2/4/2017 8:23:59 AM.
Project "C:\Users\haven\OneDrive\Documents\Repositories\clucene\compiled\CMakeFiles\CMakeTmp\cmTC_2681e.vcxproj" on node 1 (default targets).
PrepareForBuild:
  Creating directory "cmTC_2681e.dir\Debug\".
  Creating directory "C:\Users\haven\OneDrive\Documents\Repositories\clucene\compiled\CMakeFiles\CMakeTmp\Debug\".
  Creating directory "cmTC_2681e.dir\Debug\cmTC_2681e.tlog\".
InitializeBuildStatus:
  Creating "cmTC_2681e.dir\Debug\cmTC_2681e.tlog\unsuccessfulbuild" because "AlwaysCreate" was specified.
ClCompile:
  C:\Program Files (x86)\Microsoft Visual Studio 14.0\VC\bin\CL.exe /c /Zi /W3 /WX- /Od /Ob0 /Oy- /D WIN32 /D _WINDOWS /D _DEBUG /D "CMAKE_INTDIR=\"Debug\"" /D _MBCS /Gm- /EHsc /RTC1 /MDd /GS /fp:precise /Zc:wchar_t /Zc:forScope /Zc:inline /GR /Fo"cmTC_2681e.dir\Debug\\" /Fd"cmTC_2681e.dir\Debug\vc140.pdb" /Gd /TP /analyze- /errorReport:queue C:\Users\haven\OneDrive\Documents\Repositories\clucene\compiled\CMakeFiles\CMakeTmp\CheckIncludeFile.cxx
  Microsoft (R) C/C++ Optimizing Compiler Version 19.00.24215.1 for x86
  Copyright (C) Microsoft Corporation.  All rights reserved.
  
  cl /c /Zi /W3 /WX- /Od /Ob0 /Oy- /D WIN32 /D _WINDOWS /D _DEBUG /D "CMAKE_INTDIR=\"Debug\"" /D _MBCS /Gm- /EHsc /RTC1 /MDd /GS /fp:precise /Zc:wchar_t /Zc:forScope /Zc:inline /GR /Fo"cmTC_2681e.dir\Debug\\" /Fd"cmTC_2681e.dir\Debug\vc140.pdb" /Gd /TP /analyze- /errorReport:queue C:\Users\haven\OneDrive\Documents\Repositories\clucene\compiled\CMakeFiles\CMakeTmp\CheckIncludeFile.cxx
  
  CheckIncludeFile.cxx
C:\Users\haven\OneDrive\Documents\Repositories\clucene\compiled\CMakeFiles\CMakeTmp\CheckIncludeFile.cxx(1): fatal error C1083: Cannot open include file: 'sys/mman.h': No such file or directory [C:\Users\haven\OneDrive\Documents\Repositories\clucene\compiled\CMakeFiles\CMakeTmp\cmTC_2681e.vcxproj]
Done Building Project "C:\Users\haven\OneDrive\Documents\Repositories\clucene\compiled\CMakeFiles\CMakeTmp\cmTC_2681e.vcxproj" (default targets) -- FAILED.

Build FAILED.

"C:\Users\haven\OneDrive\Documents\Repositories\clucene\compiled\CMakeFiles\CMakeTmp\cmTC_2681e.vcxproj" (default target) (1) ->
(ClCompile target) -> 
  C:\Users\haven\OneDrive\Documents\Repositories\clucene\compiled\CMakeFiles\CMakeTmp\CheckIncludeFile.cxx(1): fatal error C1083: Cannot open include file: 'sys/mman.h': No such file or directory [C:\Users\haven\OneDrive\Documents\Repositories\clucene\compiled\CMakeFiles\CMakeTmp\cmTC_2681e.vcxproj]

    0 Warning(s)
    1 Error(s)

Time Elapsed 00:00:00.30


Determining if the function printf exists failed with the following output:
Change Dir: C:/Users/haven/OneDrive/Documents/Repositories/clucene/compiled/CMakeFiles/CMakeTmp

Run Build Command:"C:/Program Files (x86)/MSBuild/14.0/bin/MSBuild.exe" "cmTC_207cb.vcxproj" "/p:Configuration=Debug" "/p:VisualStudioVersion=14.0"
Microsoft (R) Build Engine version 14.0.25420.1
Copyright (C) Microsoft Corporation. All rights reserved.

Build started 2/4/2017 8:24:10 AM.
Project "C:\Users\haven\OneDrive\Documents\Repositories\clucene\compiled\CMakeFiles\CMakeTmp\cmTC_207cb.vcxproj" on node 1 (default targets).
PrepareForBuild:
  Creating directory "cmTC_207cb.dir\Debug\".
  Creating directory "C:\Users\haven\OneDrive\Documents\Repositories\clucene\compiled\CMakeFiles\CMakeTmp\Debug\".
  Creating directory "cmTC_207cb.dir\Debug\cmTC_207cb.tlog\".
InitializeBuildStatus:
  Creating "cmTC_207cb.dir\Debug\cmTC_207cb.tlog\unsuccessfulbuild" because "AlwaysCreate" was specified.
ClCompile:
  C:\Program Files (x86)\Microsoft Visual Studio 14.0\VC\bin\CL.exe /c /Zi /W3 /WX- /Od /Ob0 /Oy- /D WIN32 /D _WINDOWS /D CHECK_FUNCTION_EXISTS=printf /D _DEBUG /D "CMAKE_INTDIR=\"Debug\"" /D _MBCS /Gm- /RTC1 /MDd /GS /fp:precise /Zc:wchar_t /Zc:forScope /Zc:inline /Fo"cmTC_207cb.dir\Debug\\" /Fd"cmTC_207cb.dir\Debug\vc140.pdb" /Gd /TC /analyze- /errorReport:queue "C:\Program Files\CMake\share\cmake-3.7\Modules\CheckFunctionExists.c"
  Microsoft (R) C/C++ Optimizing Compiler Version 19.00.24215.1 for x86
  Copyright (C) Microsoft Corporation.  All rights reserved.
  
  cl /c /Zi /W3 /WX- /Od /Ob0 /Oy- /D WIN32 /D _WINDOWS /D CHECK_FUNCTION_EXISTS=printf /D _DEBUG /D "CMAKE_INTDIR=\"Debug\"" /D _MBCS /Gm- /RTC1 /MDd /GS /fp:precise /Zc:wchar_t /Zc:forScope /Zc:inline /Fo"cmTC_207cb.dir\Debug\\" /Fd"cmTC_207cb.dir\Debug\vc140.pdb" /Gd /TC /analyze- /errorReport:queue "C:\Program Files\CMake\share\cmake-3.7\Modules\CheckFunctionExists.c"
  
  CheckFunctionExists.c
Link:
  C:\Program Files (x86)\Microsoft Visual Studio 14.0\VC\bin\link.exe /ERRORREPORT:QUEUE /OUT:"C:\Users\haven\OneDrive\Documents\Repositories\clucene\compiled\CMakeFiles\CMakeTmp\Debug\cmTC_207cb.exe" /INCREMENTAL /NOLOGO kernel32.lib user32.lib gdi32.lib winspool.lib shell32.lib ole32.lib oleaut32.lib uuid.lib comdlg32.lib advapi32.lib /MANIFEST /MANIFESTUAC:"level='asInvoker' uiAccess='false'" /manifest:embed /DEBUG /PDB:"C:/Users/haven/OneDrive/Documents/Repositories/clucene/compiled/CMakeFiles/CMakeTmp/Debug/cmTC_207cb.pdb" /SUBSYSTEM:CONSOLE /TLBID:1 /DYNAMICBASE /NXCOMPAT /IMPLIB:"C:/Users/haven/OneDrive/Documents/Repositories/clucene/compiled/CMakeFiles/CMakeTmp/Debug/cmTC_207cb.lib" /MACHINE:X86 /SAFESEH  /machine:X86 cmTC_207cb.dir\Debug\CheckFunctionExists.obj
CheckFunctionExists.obj : error LNK2019: unresolved external symbol _printf referenced in function _main [C:\Users\haven\OneDrive\Documents\Repositories\clucene\compiled\CMakeFiles\CMakeTmp\cmTC_207cb.vcxproj]
C:\Users\haven\OneDrive\Documents\Repositories\clucene\compiled\CMakeFiles\CMakeTmp\Debug\cmTC_207cb.exe : fatal error LNK1120: 1 unresolved externals [C:\Users\haven\OneDrive\Documents\Repositories\clucene\compiled\CMakeFiles\CMakeTmp\cmTC_207cb.vcxproj]
Done Building Project "C:\Users\haven\OneDrive\Documents\Repositories\clucene\compiled\CMakeFiles\CMakeTmp\cmTC_207cb.vcxproj" (default targets) -- FAILED.

Build FAILED.

"C:\Users\haven\OneDrive\Documents\Repositories\clucene\compiled\CMakeFiles\CMakeTmp\cmTC_207cb.vcxproj" (default target) (1) ->
(Link target) -> 
  CheckFunctionExists.obj : error LNK2019: unresolved external symbol _printf referenced in function _main [C:\Users\haven\OneDrive\Documents\Repositories\clucene\compiled\CMakeFiles\CMakeTmp\cmTC_207cb.vcxproj]
  C:\Users\haven\OneDrive\Documents\Repositories\clucene\compiled\CMakeFiles\CMakeTmp\Debug\cmTC_207cb.exe : fatal error LNK1120: 1 unresolved externals [C:\Users\haven\OneDrive\Documents\Repositories\clucene\compiled\CMakeFiles\CMakeTmp\cmTC_207cb.vcxproj]

    0 Warning(s)
    2 Error(s)

Time Elapsed 00:00:00.41


Determining if the function snprintf exists failed with the following output:
Change Dir: C:/Users/haven/OneDrive/Documents/Repositories/clucene/compiled/CMakeFiles/CMakeTmp

Run Build Command:"C:/Program Files (x86)/MSBuild/14.0/bin/MSBuild.exe" "cmTC_94c26.vcxproj" "/p:Configuration=Debug" "/p:VisualStudioVersion=14.0"
Microsoft (R) Build Engine version 14.0.25420.1
Copyright (C) Microsoft Corporation. All rights reserved.

Build started 2/4/2017 8:31:59 AM.
Project "C:\Users\haven\OneDrive\Documents\Repositories\clucene\compiled\CMakeFiles\CMakeTmp\cmTC_94c26.vcxproj" on node 1 (default targets).
PrepareForBuild:
  Creating directory "cmTC_94c26.dir\Debug\".
  Creating directory "C:\Users\haven\OneDrive\Documents\Repositories\clucene\compiled\CMakeFiles\CMakeTmp\Debug\".
  Creating directory "cmTC_94c26.dir\Debug\cmTC_94c26.tlog\".
InitializeBuildStatus:
  Creating "cmTC_94c26.dir\Debug\cmTC_94c26.tlog\unsuccessfulbuild" because "AlwaysCreate" was specified.
ClCompile:
  C:\Program Files (x86)\Microsoft Visual Studio 14.0\VC\bin\CL.exe /c /Zi /W3 /WX- /Od /Ob0 /Oy- /D WIN32 /D _WINDOWS /D CHECK_FUNCTION_EXISTS=snprintf /D _DEBUG /D "CMAKE_INTDIR=\"Debug\"" /D _MBCS /Gm- /RTC1 /MDd /GS /fp:precise /Zc:wchar_t /Zc:forScope /Zc:inline /Fo"cmTC_94c26.dir\Debug\\" /Fd"cmTC_94c26.dir\Debug\vc140.pdb" /Gd /TC /analyze- /errorReport:queue "C:\Program Files\CMake\share\cmake-3.7\Modules\CheckFunctionExists.c"
  Microsoft (R) C/C++ Optimizing Compiler Version 19.00.24215.1 for x86
  Copyright (C) Microsoft Corporation.  All rights reserved.
  
  cl /c /Zi /W3 /WX- /Od /Ob0 /Oy- /D WIN32 /D _WINDOWS /D CHECK_FUNCTION_EXISTS=snprintf /D _DEBUG /D "CMAKE_INTDIR=\"Debug\"" /D _MBCS /Gm- /RTC1 /MDd /GS /fp:precise /Zc:wchar_t /Zc:forScope /Zc:inline /Fo"cmTC_94c26.dir\Debug\\" /Fd"cmTC_94c26.dir\Debug\vc140.pdb" /Gd /TC /analyze- /errorReport:queue "C:\Program Files\CMake\share\cmake-3.7\Modules\CheckFunctionExists.c"
  
  CheckFunctionExists.c
Link:
  C:\Program Files (x86)\Microsoft Visual Studio 14.0\VC\bin\link.exe /ERRORREPORT:QUEUE /OUT:"C:\Users\haven\OneDrive\Documents\Repositories\clucene\compiled\CMakeFiles\CMakeTmp\Debug\cmTC_94c26.exe" /INCREMENTAL /NOLOGO kernel32.lib user32.lib gdi32.lib winspool.lib shell32.lib ole32.lib oleaut32.lib uuid.lib comdlg32.lib advapi32.lib /MANIFEST /MANIFESTUAC:"level='asInvoker' uiAccess='false'" /manifest:embed /DEBUG /PDB:"C:/Users/haven/OneDrive/Documents/Repositories/clucene/compiled/CMakeFiles/CMakeTmp/Debug/cmTC_94c26.pdb" /SUBSYSTEM:CONSOLE /TLBID:1 /DYNAMICBASE /NXCOMPAT /IMPLIB:"C:/Users/haven/OneDrive/Documents/Repositories/clucene/compiled/CMakeFiles/CMakeTmp/Debug/cmTC_94c26.lib" /MACHINE:X86 /SAFESEH  /machine:X86 cmTC_94c26.dir\Debug\CheckFunctionExists.obj
CheckFunctionExists.obj : error LNK2019: unresolved external symbol _snprintf referenced in function _main [C:\Users\haven\OneDrive\Documents\Repositories\clucene\compiled\CMakeFiles\CMakeTmp\cmTC_94c26.vcxproj]
C:\Users\haven\OneDrive\Documents\Repositories\clucene\compiled\CMakeFiles\CMakeTmp\Debug\cmTC_94c26.exe : fatal error LNK1120: 1 unresolved externals [C:\Users\haven\OneDrive\Documents\Repositories\clucene\compiled\CMakeFiles\CMakeTmp\cmTC_94c26.vcxproj]
Done Building Project "C:\Users\haven\OneDrive\Documents\Repositories\clucene\compiled\CMakeFiles\CMakeTmp\cmTC_94c26.vcxproj" (default targets) -- FAILED.

Build FAILED.

"C:\Users\haven\OneDrive\Documents\Repositories\clucene\compiled\CMakeFiles\CMakeTmp\cmTC_94c26.vcxproj" (default target) (1) ->
(Link target) -> 
  CheckFunctionExists.obj : error LNK2019: unresolved external symbol _snprintf referenced in function _main [C:\Users\haven\OneDrive\Documents\Repositories\clucene\compiled\CMakeFiles\CMakeTmp\cmTC_94c26.vcxproj]
  C:\Users\haven\OneDrive\Documents\Repositories\clucene\compiled\CMakeFiles\CMakeTmp\Debug\cmTC_94c26.exe : fatal error LNK1120: 1 unresolved externals [C:\Users\haven\OneDrive\Documents\Repositories\clucene\compiled\CMakeFiles\CMakeTmp\cmTC_94c26.vcxproj]

    0 Warning(s)
    2 Error(s)

Time Elapsed 00:00:00.41


Determining if the function snwprintf exists failed with the following output:
Change Dir: C:/Users/haven/OneDrive/Documents/Repositories/clucene/compiled/CMakeFiles/CMakeTmp

Run Build Command:"C:/Program Files (x86)/MSBuild/14.0/bin/MSBuild.exe" "cmTC_10dbf.vcxproj" "/p:Configuration=Debug" "/p:VisualStudioVersion=14.0"
Microsoft (R) Build Engine version 14.0.25420.1
Copyright (C) Microsoft Corporation. All rights reserved.

Build started 2/4/2017 8:34:00 AM.
Project "C:\Users\haven\OneDrive\Documents\Repositories\clucene\compiled\CMakeFiles\CMakeTmp\cmTC_10dbf.vcxproj" on node 1 (default targets).
PrepareForBuild:
  Creating directory "cmTC_10dbf.dir\Debug\".
  Creating directory "C:\Users\haven\OneDrive\Documents\Repositories\clucene\compiled\CMakeFiles\CMakeTmp\Debug\".
  Creating directory "cmTC_10dbf.dir\Debug\cmTC_10dbf.tlog\".
InitializeBuildStatus:
  Creating "cmTC_10dbf.dir\Debug\cmTC_10dbf.tlog\unsuccessfulbuild" because "AlwaysCreate" was specified.
ClCompile:
  C:\Program Files (x86)\Microsoft Visual Studio 14.0\VC\bin\CL.exe /c /Zi /W3 /WX- /Od /Ob0 /Oy- /D WIN32 /D _WINDOWS /D CHECK_FUNCTION_EXISTS=snwprintf /D _DEBUG /D "CMAKE_INTDIR=\"Debug\"" /D _MBCS /Gm- /RTC1 /MDd /GS /fp:precise /Zc:wchar_t /Zc:forScope /Zc:inline /Fo"cmTC_10dbf.dir\Debug\\" /Fd"cmTC_10dbf.dir\Debug\vc140.pdb" /Gd /TC /analyze- /errorReport:queue "C:\Program Files\CMake\share\cmake-3.7\Modules\CheckFunctionExists.c"
  Microsoft (R) C/C++ Optimizing Compiler Version 19.00.24215.1 for x86
  Copyright (C) Microsoft Corporation.  All rights reserved.
  
  cl /c /Zi /W3 /WX- /Od /Ob0 /Oy- /D WIN32 /D _WINDOWS /D CHECK_FUNCTION_EXISTS=snwprintf /D _DEBUG /D "CMAKE_INTDIR=\"Debug\"" /D _MBCS /Gm- /RTC1 /MDd /GS /fp:precise /Zc:wchar_t /Zc:forScope /Zc:inline /Fo"cmTC_10dbf.dir\Debug\\" /Fd"cmTC_10dbf.dir\Debug\vc140.pdb" /Gd /TC /analyze- /errorReport:queue "C:\Program Files\CMake\share\cmake-3.7\Modules\CheckFunctionExists.c"
  
  CheckFunctionExists.c
Link:
  C:\Program Files (x86)\Microsoft Visual Studio 14.0\VC\bin\link.exe /ERRORREPORT:QUEUE /OUT:"C:\Users\haven\OneDrive\Documents\Repositories\clucene\compiled\CMakeFiles\CMakeTmp\Debug\cmTC_10dbf.exe" /INCREMENTAL /NOLOGO kernel32.lib user32.lib gdi32.lib winspool.lib shell32.lib ole32.lib oleaut32.lib uuid.lib comdlg32.lib advapi32.lib /MANIFEST /MANIFESTUAC:"level='asInvoker' uiAccess='false'" /manifest:embed /DEBUG /PDB:"C:/Users/haven/OneDrive/Documents/Repositories/clucene/compiled/CMakeFiles/CMakeTmp/Debug/cmTC_10dbf.pdb" /SUBSYSTEM:CONSOLE /TLBID:1 /DYNAMICBASE /NXCOMPAT /IMPLIB:"C:/Users/haven/OneDrive/Documents/Repositories/clucene/compiled/CMakeFiles/CMakeTmp/Debug/cmTC_10dbf.lib" /MACHINE:X86 /SAFESEH  /machine:X86 cmTC_10dbf.dir\Debug\CheckFunctionExists.obj
CheckFunctionExists.obj : error LNK2019: unresolved external symbol _snwprintf referenced in function _main [C:\Users\haven\OneDrive\Documents\Repositories\clucene\compiled\CMakeFiles\CMakeTmp\cmTC_10dbf.vcxproj]
C:\Users\haven\OneDrive\Documents\Repositories\clucene\compiled\CMakeFiles\CMakeTmp\Debug\cmTC_10dbf.exe : fatal error LNK1120: 1 unresolved externals [C:\Users\haven\OneDrive\Documents\Repositories\clucene\compiled\CMakeFiles\CMakeTmp\cmTC_10dbf.vcxproj]
Done Building Project "C:\Users\haven\OneDrive\Documents\Repositories\clucene\compiled\CMakeFiles\CMakeTmp\cmTC_10dbf.vcxproj" (default targets) -- FAILED.

Build FAILED.

"C:\Users\haven\OneDrive\Documents\Repositories\clucene\compiled\CMakeFiles\CMakeTmp\cmTC_10dbf.vcxproj" (default target) (1) ->
(Link target) -> 
  CheckFunctionExists.obj : error LNK2019: unresolved external symbol _snwprintf referenced in function _main [C:\Users\haven\OneDrive\Documents\Repositories\clucene\compiled\CMakeFiles\CMakeTmp\cmTC_10dbf.vcxproj]
  C:\Users\haven\OneDrive\Documents\Repositories\clucene\compiled\CMakeFiles\CMakeTmp\Debug\cmTC_10dbf.exe : fatal error LNK1120: 1 unresolved externals [C:\Users\haven\OneDrive\Documents\Repositories\clucene\compiled\CMakeFiles\CMakeTmp\cmTC_10dbf.vcxproj]

    0 Warning(s)
    2 Error(s)

Time Elapsed 00:00:00.40


Determining if the function wcscasecmp exists failed with the following output:
Change Dir: C:/Users/haven/OneDrive/Documents/Repositories/clucene/compiled/CMakeFiles/CMakeTmp

Run Build Command:"C:/Program Files (x86)/MSBuild/14.0/bin/MSBuild.exe" "cmTC_db5ad.vcxproj" "/p:Configuration=Debug" "/p:VisualStudioVersion=14.0"
Microsoft (R) Build Engine version 14.0.25420.1
Copyright (C) Microsoft Corporation. All rights reserved.

Build started 2/4/2017 8:34:16 AM.
Project "C:\Users\haven\OneDrive\Documents\Repositories\clucene\compiled\CMakeFiles\CMakeTmp\cmTC_db5ad.vcxproj" on node 1 (default targets).
PrepareForBuild:
  Creating directory "cmTC_db5ad.dir\Debug\".
  Creating directory "C:\Users\haven\OneDrive\Documents\Repositories\clucene\compiled\CMakeFiles\CMakeTmp\Debug\".
  Creating directory "cmTC_db5ad.dir\Debug\cmTC_db5ad.tlog\".
InitializeBuildStatus:
  Creating "cmTC_db5ad.dir\Debug\cmTC_db5ad.tlog\unsuccessfulbuild" because "AlwaysCreate" was specified.
ClCompile:
  C:\Program Files (x86)\Microsoft Visual Studio 14.0\VC\bin\CL.exe /c /Zi /W3 /WX- /Od /Ob0 /Oy- /D WIN32 /D _WINDOWS /D CHECK_FUNCTION_EXISTS=wcscasecmp /D _DEBUG /D "CMAKE_INTDIR=\"Debug\"" /D _MBCS /Gm- /RTC1 /MDd /GS /fp:precise /Zc:wchar_t /Zc:forScope /Zc:inline /Fo"cmTC_db5ad.dir\Debug\\" /Fd"cmTC_db5ad.dir\Debug\vc140.pdb" /Gd /TC /analyze- /errorReport:queue "C:\Program Files\CMake\share\cmake-3.7\Modules\CheckFunctionExists.c"
  Microsoft (R) C/C++ Optimizing Compiler Version 19.00.24215.1 for x86
  Copyright (C) Microsoft Corporation.  All rights reserved.
  
  cl /c /Zi /W3 /WX- /Od /Ob0 /Oy- /D WIN32 /D _WINDOWS /D CHECK_FUNCTION_EXISTS=wcscasecmp /D _DEBUG /D "CMAKE_INTDIR=\"Debug\"" /D _MBCS /Gm- /RTC1 /MDd /GS /fp:precise /Zc:wchar_t /Zc:forScope /Zc:inline /Fo"cmTC_db5ad.dir\Debug\\" /Fd"cmTC_db5ad.dir\Debug\vc140.pdb" /Gd /TC /analyze- /errorReport:queue "C:\Program Files\CMake\share\cmake-3.7\Modules\CheckFunctionExists.c"
  
  CheckFunctionExists.c
Link:
  C:\Program Files (x86)\Microsoft Visual Studio 14.0\VC\bin\link.exe /ERRORREPORT:QUEUE /OUT:"C:\Users\haven\OneDrive\Documents\Repositories\clucene\compiled\CMakeFiles\CMakeTmp\Debug\cmTC_db5ad.exe" /INCREMENTAL /NOLOGO kernel32.lib user32.lib gdi32.lib winspool.lib shell32.lib ole32.lib oleaut32.lib uuid.lib comdlg32.lib advapi32.lib /MANIFEST /MANIFESTUAC:"level='asInvoker' uiAccess='false'" /manifest:embed /DEBUG /PDB:"C:/Users/haven/OneDrive/Documents/Repositories/clucene/compiled/CMakeFiles/CMakeTmp/Debug/cmTC_db5ad.pdb" /SUBSYSTEM:CONSOLE /TLBID:1 /DYNAMICBASE /NXCOMPAT /IMPLIB:"C:/Users/haven/OneDrive/Documents/Repositories/clucene/compiled/CMakeFiles/CMakeTmp/Debug/cmTC_db5ad.lib" /MACHINE:X86 /SAFESEH  /machine:X86 cmTC_db5ad.dir\Debug\CheckFunctionExists.obj
CheckFunctionExists.obj : error LNK2019: unresolved external symbol _wcscasecmp referenced in function _main [C:\Users\haven\OneDrive\Documents\Repositories\clucene\compiled\CMakeFiles\CMakeTmp\cmTC_db5ad.vcxproj]
C:\Users\haven\OneDrive\Documents\Repositories\clucene\compiled\CMakeFiles\CMakeTmp\Debug\cmTC_db5ad.exe : fatal error LNK1120: 1 unresolved externals [C:\Users\haven\OneDrive\Documents\Repositories\clucene\compiled\CMakeFiles\CMakeTmp\cmTC_db5ad.vcxproj]
Done Building Project "C:\Users\haven\OneDrive\Documents\Repositories\clucene\compiled\CMakeFiles\CMakeTmp\cmTC_db5ad.vcxproj" (default targets) -- FAILED.

Build FAILED.

"C:\Users\haven\OneDrive\Documents\Repositories\clucene\compiled\CMakeFiles\CMakeTmp\cmTC_db5ad.vcxproj" (default target) (1) ->
(Link target) -> 
  CheckFunctionExists.obj : error LNK2019: unresolved external symbol _wcscasecmp referenced in function _main [C:\Users\haven\OneDrive\Documents\Repositories\clucene\compiled\CMakeFiles\CMakeTmp\cmTC_db5ad.vcxproj]
  C:\Users\haven\OneDrive\Documents\Repositories\clucene\compiled\CMakeFiles\CMakeTmp\Debug\cmTC_db5ad.exe : fatal error LNK1120: 1 unresolved externals [C:\Users\haven\OneDrive\Documents\Repositories\clucene\compiled\CMakeFiles\CMakeTmp\cmTC_db5ad.vcxproj]

    0 Warning(s)
    2 Error(s)

Time Elapsed 00:00:00.40


Determining if the function wprintf exists failed with the following output:
Change Dir: C:/Users/haven/OneDrive/Documents/Repositories/clucene/compiled/CMakeFiles/CMakeTmp

Run Build Command:"C:/Program Files (x86)/MSBuild/14.0/bin/MSBuild.exe" "cmTC_cef6b.vcxproj" "/p:Configuration=Debug" "/p:VisualStudioVersion=14.0"
Microsoft (R) Build Engine version 14.0.25420.1
Copyright (C) Microsoft Corporation. All rights reserved.

Build started 2/4/2017 8:34:18 AM.
Project "C:\Users\haven\OneDrive\Documents\Repositories\clucene\compiled\CMakeFiles\CMakeTmp\cmTC_cef6b.vcxproj" on node 1 (default targets).
PrepareForBuild:
  Creating directory "cmTC_cef6b.dir\Debug\".
  Creating directory "C:\Users\haven\OneDrive\Documents\Repositories\clucene\compiled\CMakeFiles\CMakeTmp\Debug\".
  Creating directory "cmTC_cef6b.dir\Debug\cmTC_cef6b.tlog\".
InitializeBuildStatus:
  Creating "cmTC_cef6b.dir\Debug\cmTC_cef6b.tlog\unsuccessfulbuild" because "AlwaysCreate" was specified.
ClCompile:
  C:\Program Files (x86)\Microsoft Visual Studio 14.0\VC\bin\CL.exe /c /Zi /W3 /WX- /Od /Ob0 /Oy- /D WIN32 /D _WINDOWS /D CHECK_FUNCTION_EXISTS=wprintf /D _DEBUG /D "CMAKE_INTDIR=\"Debug\"" /D _MBCS /Gm- /RTC1 /MDd /GS /fp:precise /Zc:wchar_t /Zc:forScope /Zc:inline /Fo"cmTC_cef6b.dir\Debug\\" /Fd"cmTC_cef6b.dir\Debug\vc140.pdb" /Gd /TC /analyze- /errorReport:queue "C:\Program Files\CMake\share\cmake-3.7\Modules\CheckFunctionExists.c"
  Microsoft (R) C/C++ Optimizing Compiler Version 19.00.24215.1 for x86
  Copyright (C) Microsoft Corporation.  All rights reserved.
  
  cl /c /Zi /W3 /WX- /Od /Ob0 /Oy- /D WIN32 /D _WINDOWS /D CHECK_FUNCTION_EXISTS=wprintf /D _DEBUG /D "CMAKE_INTDIR=\"Debug\"" /D _MBCS /Gm- /RTC1 /MDd /GS /fp:precise /Zc:wchar_t /Zc:forScope /Zc:inline /Fo"cmTC_cef6b.dir\Debug\\" /Fd"cmTC_cef6b.dir\Debug\vc140.pdb" /Gd /TC /analyze- /errorReport:queue "C:\Program Files\CMake\share\cmake-3.7\Modules\CheckFunctionExists.c"
  
  CheckFunctionExists.c
Link:
  C:\Program Files (x86)\Microsoft Visual Studio 14.0\VC\bin\link.exe /ERRORREPORT:QUEUE /OUT:"C:\Users\haven\OneDrive\Documents\Repositories\clucene\compiled\CMakeFiles\CMakeTmp\Debug\cmTC_cef6b.exe" /INCREMENTAL /NOLOGO kernel32.lib user32.lib gdi32.lib winspool.lib shell32.lib ole32.lib oleaut32.lib uuid.lib comdlg32.lib advapi32.lib /MANIFEST /MANIFESTUAC:"level='asInvoker' uiAccess='false'" /manifest:embed /DEBUG /PDB:"C:/Users/haven/OneDrive/Documents/Repositories/clucene/compiled/CMakeFiles/CMakeTmp/Debug/cmTC_cef6b.pdb" /SUBSYSTEM:CONSOLE /TLBID:1 /DYNAMICBASE /NXCOMPAT /IMPLIB:"C:/Users/haven/OneDrive/Documents/Repositories/clucene/compiled/CMakeFiles/CMakeTmp/Debug/cmTC_cef6b.lib" /MACHINE:X86 /SAFESEH  /machine:X86 cmTC_cef6b.dir\Debug\CheckFunctionExists.obj
CheckFunctionExists.obj : error LNK2019: unresolved external symbol _wprintf referenced in function _main [C:\Users\haven\OneDrive\Documents\Repositories\clucene\compiled\CMakeFiles\CMakeTmp\cmTC_cef6b.vcxproj]
C:\Users\haven\OneDrive\Documents\Repositories\clucene\compiled\CMakeFiles\CMakeTmp\Debug\cmTC_cef6b.exe : fatal error LNK1120: 1 unresolved externals [C:\Users\haven\OneDrive\Documents\Repositories\clucene\compiled\CMakeFiles\CMakeTmp\cmTC_cef6b.vcxproj]
Done Building Project "C:\Users\haven\OneDrive\Documents\Repositories\clucene\compiled\CMakeFiles\CMakeTmp\cmTC_cef6b.vcxproj" (default targets) -- FAILED.

Build FAILED.

"C:\Users\haven\OneDrive\Documents\Repositories\clucene\compiled\CMakeFiles\CMakeTmp\cmTC_cef6b.vcxproj" (default target) (1) ->
(Link target) -> 
  CheckFunctionExists.obj : error LNK2019: unresolved external symbol _wprintf referenced in function _main [C:\Users\haven\OneDrive\Documents\Repositories\clucene\compiled\CMakeFiles\CMakeTmp\cmTC_cef6b.vcxproj]
  C:\Users\haven\OneDrive\Documents\Repositories\clucene\compiled\CMakeFiles\CMakeTmp\Debug\cmTC_cef6b.exe : fatal error LNK1120: 1 unresolved externals [C:\Users\haven\OneDrive\Documents\Repositories\clucene\compiled\CMakeFiles\CMakeTmp\cmTC_cef6b.vcxproj]

    0 Warning(s)
    2 Error(s)

Time Elapsed 00:00:00.40


Determining if the function lltow exists failed with the following output:
Change Dir: C:/Users/haven/OneDrive/Documents/Repositories/clucene/compiled/CMakeFiles/CMakeTmp

Run Build Command:"C:/Program Files (x86)/MSBuild/14.0/bin/MSBuild.exe" "cmTC_6e0f5.vcxproj" "/p:Configuration=Debug" "/p:VisualStudioVersion=14.0"
Microsoft (R) Build Engine version 14.0.25420.1
Copyright (C) Microsoft Corporation. All rights reserved.

Build started 2/4/2017 8:34:18 AM.
Project "C:\Users\haven\OneDrive\Documents\Repositories\clucene\compiled\CMakeFiles\CMakeTmp\cmTC_6e0f5.vcxproj" on node 1 (default targets).
PrepareForBuild:
  Creating directory "cmTC_6e0f5.dir\Debug\".
  Creating directory "C:\Users\haven\OneDrive\Documents\Repositories\clucene\compiled\CMakeFiles\CMakeTmp\Debug\".
  Creating directory "cmTC_6e0f5.dir\Debug\cmTC_6e0f5.tlog\".
InitializeBuildStatus:
  Creating "cmTC_6e0f5.dir\Debug\cmTC_6e0f5.tlog\unsuccessfulbuild" because "AlwaysCreate" was specified.
ClCompile:
  C:\Program Files (x86)\Microsoft Visual Studio 14.0\VC\bin\CL.exe /c /Zi /W3 /WX- /Od /Ob0 /Oy- /D WIN32 /D _WINDOWS /D CHECK_FUNCTION_EXISTS=lltow /D _DEBUG /D "CMAKE_INTDIR=\"Debug\"" /D _MBCS /Gm- /RTC1 /MDd /GS /fp:precise /Zc:wchar_t /Zc:forScope /Zc:inline /Fo"cmTC_6e0f5.dir\Debug\\" /Fd"cmTC_6e0f5.dir\Debug\vc140.pdb" /Gd /TC /analyze- /errorReport:queue "C:\Program Files\CMake\share\cmake-3.7\Modules\CheckFunctionExists.c"
  Microsoft (R) C/C++ Optimizing Compiler Version 19.00.24215.1 for x86
  Copyright (C) Microsoft Corporation.  All rights reserved.
  
  cl /c /Zi /W3 /WX- /Od /Ob0 /Oy- /D WIN32 /D _WINDOWS /D CHECK_FUNCTION_EXISTS=lltow /D _DEBUG /D "CMAKE_INTDIR=\"Debug\"" /D _MBCS /Gm- /RTC1 /MDd /GS /fp:precise /Zc:wchar_t /Zc:forScope /Zc:inline /Fo"cmTC_6e0f5.dir\Debug\\" /Fd"cmTC_6e0f5.dir\Debug\vc140.pdb" /Gd /TC /analyze- /errorReport:queue "C:\Program Files\CMake\share\cmake-3.7\Modules\CheckFunctionExists.c"
  
  CheckFunctionExists.c
Link:
  C:\Program Files (x86)\Microsoft Visual Studio 14.0\VC\bin\link.exe /ERRORREPORT:QUEUE /OUT:"C:\Users\haven\OneDrive\Documents\Repositories\clucene\compiled\CMakeFiles\CMakeTmp\Debug\cmTC_6e0f5.exe" /INCREMENTAL /NOLOGO kernel32.lib user32.lib gdi32.lib winspool.lib shell32.lib ole32.lib oleaut32.lib uuid.lib comdlg32.lib advapi32.lib /MANIFEST /MANIFESTUAC:"level='asInvoker' uiAccess='false'" /manifest:embed /DEBUG /PDB:"C:/Users/haven/OneDrive/Documents/Repositories/clucene/compiled/CMakeFiles/CMakeTmp/Debug/cmTC_6e0f5.pdb" /SUBSYSTEM:CONSOLE /TLBID:1 /DYNAMICBASE /NXCOMPAT /IMPLIB:"C:/Users/haven/OneDrive/Documents/Repositories/clucene/compiled/CMakeFiles/CMakeTmp/Debug/cmTC_6e0f5.lib" /MACHINE:X86 /SAFESEH  /machine:X86 cmTC_6e0f5.dir\Debug\CheckFunctionExists.obj
CheckFunctionExists.obj : error LNK2019: unresolved external symbol _lltow referenced in function _main [C:\Users\haven\OneDrive\Documents\Repositories\clucene\compiled\CMakeFiles\CMakeTmp\cmTC_6e0f5.vcxproj]
C:\Users\haven\OneDrive\Documents\Repositories\clucene\compiled\CMakeFiles\CMakeTmp\Debug\cmTC_6e0f5.exe : fatal error LNK1120: 1 unresolved externals [C:\Users\haven\OneDrive\Documents\Repositories\clucene\compiled\CMakeFiles\CMakeTmp\cmTC_6e0f5.vcxproj]
Done Building Project "C:\Users\haven\OneDrive\Documents\Repositories\clucene\compiled\CMakeFiles\CMakeTmp\cmTC_6e0f5.vcxproj" (default targets) -- FAILED.

Build FAILED.

"C:\Users\haven\OneDrive\Documents\Repositories\clucene\compiled\CMakeFiles\CMakeTmp\cmTC_6e0f5.vcxproj" (default target) (1) ->
(Link target) -> 
  CheckFunctionExists.obj : error LNK2019: unresolved external symbol _lltow referenced in function _main [C:\Users\haven\OneDrive\Documents\Repositories\clucene\compiled\CMakeFiles\CMakeTmp\cmTC_6e0f5.vcxproj]
  C:\Users\haven\OneDrive\Documents\Repositories\clucene\compiled\CMakeFiles\CMakeTmp\Debug\cmTC_6e0f5.exe : fatal error LNK1120: 1 unresolved externals [C:\Users\haven\OneDrive\Documents\Repositories\clucene\compiled\CMakeFiles\CMakeTmp\cmTC_6e0f5.vcxproj]

    0 Warning(s)
    2 Error(s)

Time Elapsed 00:00:00.39


Determining if the function lltoa exists failed with the following output:
Change Dir: C:/Users/haven/OneDrive/Documents/Repositories/clucene/compiled/CMakeFiles/CMakeTmp

Run Build Command:"C:/Program Files (x86)/MSBuild/14.0/bin/MSBuild.exe" "cmTC_6a734.vcxproj" "/p:Configuration=Debug" "/p:VisualStudioVersion=14.0"
Microsoft (R) Build Engine version 14.0.25420.1
Copyright (C) Microsoft Corporation. All rights reserved.

Build started 2/4/2017 8:34:21 AM.
Project "C:\Users\haven\OneDrive\Documents\Repositories\clucene\compiled\CMakeFiles\CMakeTmp\cmTC_6a734.vcxproj" on node 1 (default targets).
PrepareForBuild:
  Creating directory "cmTC_6a734.dir\Debug\".
  Creating directory "C:\Users\haven\OneDrive\Documents\Repositories\clucene\compiled\CMakeFiles\CMakeTmp\Debug\".
  Creating directory "cmTC_6a734.dir\Debug\cmTC_6a734.tlog\".
InitializeBuildStatus:
  Creating "cmTC_6a734.dir\Debug\cmTC_6a734.tlog\unsuccessfulbuild" because "AlwaysCreate" was specified.
ClCompile:
  C:\Program Files (x86)\Microsoft Visual Studio 14.0\VC\bin\CL.exe /c /Zi /W3 /WX- /Od /Ob0 /Oy- /D WIN32 /D _WINDOWS /D CHECK_FUNCTION_EXISTS=lltoa /D _DEBUG /D "CMAKE_INTDIR=\"Debug\"" /D _MBCS /Gm- /RTC1 /MDd /GS /fp:precise /Zc:wchar_t /Zc:forScope /Zc:inline /Fo"cmTC_6a734.dir\Debug\\" /Fd"cmTC_6a734.dir\Debug\vc140.pdb" /Gd /TC /analyze- /errorReport:queue "C:\Program Files\CMake\share\cmake-3.7\Modules\CheckFunctionExists.c"
  Microsoft (R) C/C++ Optimizing Compiler Version 19.00.24215.1 for x86
  Copyright (C) Microsoft Corporation.  All rights reserved.
  
  cl /c /Zi /W3 /WX- /Od /Ob0 /Oy- /D WIN32 /D _WINDOWS /D CHECK_FUNCTION_EXISTS=lltoa /D _DEBUG /D "CMAKE_INTDIR=\"Debug\"" /D _MBCS /Gm- /RTC1 /MDd /GS /fp:precise /Zc:wchar_t /Zc:forScope /Zc:inline /Fo"cmTC_6a734.dir\Debug\\" /Fd"cmTC_6a734.dir\Debug\vc140.pdb" /Gd /TC /analyze- /errorReport:queue "C:\Program Files\CMake\share\cmake-3.7\Modules\CheckFunctionExists.c"
  
  CheckFunctionExists.c
Link:
  C:\Program Files (x86)\Microsoft Visual Studio 14.0\VC\bin\link.exe /ERRORREPORT:QUEUE /OUT:"C:\Users\haven\OneDrive\Documents\Repositories\clucene\compiled\CMakeFiles\CMakeTmp\Debug\cmTC_6a734.exe" /INCREMENTAL /NOLOGO kernel32.lib user32.lib gdi32.lib winspool.lib shell32.lib ole32.lib oleaut32.lib uuid.lib comdlg32.lib advapi32.lib /MANIFEST /MANIFESTUAC:"level='asInvoker' uiAccess='false'" /manifest:embed /DEBUG /PDB:"C:/Users/haven/OneDrive/Documents/Repositories/clucene/compiled/CMakeFiles/CMakeTmp/Debug/cmTC_6a734.pdb" /SUBSYSTEM:CONSOLE /TLBID:1 /DYNAMICBASE /NXCOMPAT /IMPLIB:"C:/Users/haven/OneDrive/Documents/Repositories/clucene/compiled/CMakeFiles/CMakeTmp/Debug/cmTC_6a734.lib" /MACHINE:X86 /SAFESEH  /machine:X86 cmTC_6a734.dir\Debug\CheckFunctionExists.obj
CheckFunctionExists.obj : error LNK2019: unresolved external symbol _lltoa referenced in function _main [C:\Users\haven\OneDrive\Documents\Repositories\clucene\compiled\CMakeFiles\CMakeTmp\cmTC_6a734.vcxproj]
C:\Users\haven\OneDrive\Documents\Repositories\clucene\compiled\CMakeFiles\CMakeTmp\Debug\cmTC_6a734.exe : fatal error LNK1120: 1 unresolved externals [C:\Users\haven\OneDrive\Documents\Repositories\clucene\compiled\CMakeFiles\CMakeTmp\cmTC_6a734.vcxproj]
Done Building Project "C:\Users\haven\OneDrive\Documents\Repositories\clucene\compiled\CMakeFiles\CMakeTmp\cmTC_6a734.vcxproj" (default targets) -- FAILED.

Build FAILED.

"C:\Users\haven\OneDrive\Documents\Repositories\clucene\compiled\CMakeFiles\CMakeTmp\cmTC_6a734.vcxproj" (default target) (1) ->
(Link target) -> 
  CheckFunctionExists.obj : error LNK2019: unresolved external symbol _lltoa referenced in function _main [C:\Users\haven\OneDrive\Documents\Repositories\clucene\compiled\CMakeFiles\CMakeTmp\cmTC_6a734.vcxproj]
  C:\Users\haven\OneDrive\Documents\Repositories\clucene\compiled\CMakeFiles\CMakeTmp\Debug\cmTC_6a734.exe : fatal error LNK1120: 1 unresolved externals [C:\Users\haven\OneDrive\Documents\Repositories\clucene\compiled\CMakeFiles\CMakeTmp\cmTC_6a734.vcxproj]

    0 Warning(s)
    2 Error(s)

Time Elapsed 00:00:00.39


Determining if the function gettimeofday exists failed with the following output:
Change Dir: C:/Users/haven/OneDrive/Documents/Repositories/clucene/compiled/CMakeFiles/CMakeTmp

Run Build Command:"C:/Program Files (x86)/MSBuild/14.0/bin/MSBuild.exe" "cmTC_9d92a.vcxproj" "/p:Configuration=Debug" "/p:VisualStudioVersion=14.0"
Microsoft (R) Build Engine version 14.0.25420.1
Copyright (C) Microsoft Corporation. All rights reserved.

Build started 2/4/2017 8:34:22 AM.
Project "C:\Users\haven\OneDrive\Documents\Repositories\clucene\compiled\CMakeFiles\CMakeTmp\cmTC_9d92a.vcxproj" on node 1 (default targets).
PrepareForBuild:
  Creating directory "cmTC_9d92a.dir\Debug\".
  Creating directory "C:\Users\haven\OneDrive\Documents\Repositories\clucene\compiled\CMakeFiles\CMakeTmp\Debug\".
  Creating directory "cmTC_9d92a.dir\Debug\cmTC_9d92a.tlog\".
InitializeBuildStatus:
  Creating "cmTC_9d92a.dir\Debug\cmTC_9d92a.tlog\unsuccessfulbuild" because "AlwaysCreate" was specified.
ClCompile:
  C:\Program Files (x86)\Microsoft Visual Studio 14.0\VC\bin\CL.exe /c /Zi /W3 /WX- /Od /Ob0 /Oy- /D WIN32 /D _WINDOWS /D CHECK_FUNCTION_EXISTS=gettimeofday /D _DEBUG /D "CMAKE_INTDIR=\"Debug\"" /D _MBCS /Gm- /RTC1 /MDd /GS /fp:precise /Zc:wchar_t /Zc:forScope /Zc:inline /Fo"cmTC_9d92a.dir\Debug\\" /Fd"cmTC_9d92a.dir\Debug\vc140.pdb" /Gd /TC /analyze- /errorReport:queue "C:\Program Files\CMake\share\cmake-3.7\Modules\CheckFunctionExists.c"
  Microsoft (R) C/C++ Optimizing Compiler Version 19.00.24215.1 for x86
  Copyright (C) Microsoft Corporation.  All rights reserved.
  
  cl /c /Zi /W3 /WX- /Od /Ob0 /Oy- /D WIN32 /D _WINDOWS /D CHECK_FUNCTION_EXISTS=gettimeofday /D _DEBUG /D "CMAKE_INTDIR=\"Debug\"" /D _MBCS /Gm- /RTC1 /MDd /GS /fp:precise /Zc:wchar_t /Zc:forScope /Zc:inline /Fo"cmTC_9d92a.dir\Debug\\" /Fd"cmTC_9d92a.dir\Debug\vc140.pdb" /Gd /TC /analyze- /errorReport:queue "C:\Program Files\CMake\share\cmake-3.7\Modules\CheckFunctionExists.c"
  
  CheckFunctionExists.c
Link:
  C:\Program Files (x86)\Microsoft Visual Studio 14.0\VC\bin\link.exe /ERRORREPORT:QUEUE /OUT:"C:\Users\haven\OneDrive\Documents\Repositories\clucene\compiled\CMakeFiles\CMakeTmp\Debug\cmTC_9d92a.exe" /INCREMENTAL /NOLOGO kernel32.lib user32.lib gdi32.lib winspool.lib shell32.lib ole32.lib oleaut32.lib uuid.lib comdlg32.lib advapi32.lib /MANIFEST /MANIFESTUAC:"level='asInvoker' uiAccess='false'" /manifest:embed /DEBUG /PDB:"C:/Users/haven/OneDrive/Documents/Repositories/clucene/compiled/CMakeFiles/CMakeTmp/Debug/cmTC_9d92a.pdb" /SUBSYSTEM:CONSOLE /TLBID:1 /DYNAMICBASE /NXCOMPAT /IMPLIB:"C:/Users/haven/OneDrive/Documents/Repositories/clucene/compiled/CMakeFiles/CMakeTmp/Debug/cmTC_9d92a.lib" /MACHINE:X86 /SAFESEH  /machine:X86 cmTC_9d92a.dir\Debug\CheckFunctionExists.obj
CheckFunctionExists.obj : error LNK2019: unresolved external symbol _gettimeofday referenced in function _main [C:\Users\haven\OneDrive\Documents\Repositories\clucene\compiled\CMakeFiles\CMakeTmp\cmTC_9d92a.vcxproj]
C:\Users\haven\OneDrive\Documents\Repositories\clucene\compiled\CMakeFiles\CMakeTmp\Debug\cmTC_9d92a.exe : fatal error LNK1120: 1 unresolved externals [C:\Users\haven\OneDrive\Documents\Repositories\clucene\compiled\CMakeFiles\CMakeTmp\cmTC_9d92a.vcxproj]
Done Building Project "C:\Users\haven\OneDrive\Documents\Repositories\clucene\compiled\CMakeFiles\CMakeTmp\cmTC_9d92a.vcxproj" (default targets) -- FAILED.

Build FAILED.

"C:\Users\haven\OneDrive\Documents\Repositories\clucene\compiled\CMakeFiles\CMakeTmp\cmTC_9d92a.vcxproj" (default target) (1) ->
(Link target) -> 
  CheckFunctionExists.obj : error LNK2019: unresolved external symbol _gettimeofday referenced in function _main [C:\Users\haven\OneDrive\Documents\Repositories\clucene\compiled\CMakeFiles\CMakeTmp\cmTC_9d92a.vcxproj]
  C:\Users\haven\OneDrive\Documents\Repositories\clucene\compiled\CMakeFiles\CMakeTmp\Debug\cmTC_9d92a.exe : fatal error LNK1120: 1 unresolved externals [C:\Users\haven\OneDrive\Documents\Repositories\clucene\compiled\CMakeFiles\CMakeTmp\cmTC_9d92a.vcxproj]

    0 Warning(s)
    2 Error(s)

Time Elapsed 00:00:00.40


Determining if the function _vsnwprintf exists failed with the following output:
Change Dir: C:/Users/haven/OneDrive/Documents/Repositories/clucene/compiled/CMakeFiles/CMakeTmp

Run Build Command:"C:/Program Files (x86)/MSBuild/14.0/bin/MSBuild.exe" "cmTC_cfa63.vcxproj" "/p:Configuration=Debug" "/p:VisualStudioVersion=14.0"
Microsoft (R) Build Engine version 14.0.25420.1
Copyright (C) Microsoft Corporation. All rights reserved.

Build started 2/4/2017 8:34:23 AM.
Project "C:\Users\haven\OneDrive\Documents\Repositories\clucene\compiled\CMakeFiles\CMakeTmp\cmTC_cfa63.vcxproj" on node 1 (default targets).
PrepareForBuild:
  Creating directory "cmTC_cfa63.dir\Debug\".
  Creating directory "C:\Users\haven\OneDrive\Documents\Repositories\clucene\compiled\CMakeFiles\CMakeTmp\Debug\".
  Creating directory "cmTC_cfa63.dir\Debug\cmTC_cfa63.tlog\".
InitializeBuildStatus:
  Creating "cmTC_cfa63.dir\Debug\cmTC_cfa63.tlog\unsuccessfulbuild" because "AlwaysCreate" was specified.
ClCompile:
  C:\Program Files (x86)\Microsoft Visual Studio 14.0\VC\bin\CL.exe /c /Zi /W3 /WX- /Od /Ob0 /Oy- /D WIN32 /D _WINDOWS /D CHECK_FUNCTION_EXISTS=_vsnwprintf /D _DEBUG /D "CMAKE_INTDIR=\"Debug\"" /D _MBCS /Gm- /RTC1 /MDd /GS /fp:precise /Zc:wchar_t /Zc:forScope /Zc:inline /Fo"cmTC_cfa63.dir\Debug\\" /Fd"cmTC_cfa63.dir\Debug\vc140.pdb" /Gd /TC /analyze- /errorReport:queue "C:\Program Files\CMake\share\cmake-3.7\Modules\CheckFunctionExists.c"
  Microsoft (R) C/C++ Optimizing Compiler Version 19.00.24215.1 for x86
  Copyright (C) Microsoft Corporation.  All rights reserved.
  
  cl /c /Zi /W3 /WX- /Od /Ob0 /Oy- /D WIN32 /D _WINDOWS /D CHECK_FUNCTION_EXISTS=_vsnwprintf /D _DEBUG /D "CMAKE_INTDIR=\"Debug\"" /D _MBCS /Gm- /RTC1 /MDd /GS /fp:precise /Zc:wchar_t /Zc:forScope /Zc:inline /Fo"cmTC_cfa63.dir\Debug\\" /Fd"cmTC_cfa63.dir\Debug\vc140.pdb" /Gd /TC /analyze- /errorReport:queue "C:\Program Files\CMake\share\cmake-3.7\Modules\CheckFunctionExists.c"
  
  CheckFunctionExists.c
Link:
  C:\Program Files (x86)\Microsoft Visual Studio 14.0\VC\bin\link.exe /ERRORREPORT:QUEUE /OUT:"C:\Users\haven\OneDrive\Documents\Repositories\clucene\compiled\CMakeFiles\CMakeTmp\Debug\cmTC_cfa63.exe" /INCREMENTAL /NOLOGO kernel32.lib user32.lib gdi32.lib winspool.lib shell32.lib ole32.lib oleaut32.lib uuid.lib comdlg32.lib advapi32.lib /MANIFEST /MANIFESTUAC:"level='asInvoker' uiAccess='false'" /manifest:embed /DEBUG /PDB:"C:/Users/haven/OneDrive/Documents/Repositories/clucene/compiled/CMakeFiles/CMakeTmp/Debug/cmTC_cfa63.pdb" /SUBSYSTEM:CONSOLE /TLBID:1 /DYNAMICBASE /NXCOMPAT /IMPLIB:"C:/Users/haven/OneDrive/Documents/Repositories/clucene/compiled/CMakeFiles/CMakeTmp/Debug/cmTC_cfa63.lib" /MACHINE:X86 /SAFESEH  /machine:X86 cmTC_cfa63.dir\Debug\CheckFunctionExists.obj
CheckFunctionExists.obj : error LNK2019: unresolved external symbol __vsnwprintf referenced in function _main [C:\Users\haven\OneDrive\Documents\Repositories\clucene\compiled\CMakeFiles\CMakeTmp\cmTC_cfa63.vcxproj]
C:\Users\haven\OneDrive\Documents\Repositories\clucene\compiled\CMakeFiles\CMakeTmp\Debug\cmTC_cfa63.exe : fatal error LNK1120: 1 unresolved externals [C:\Users\haven\OneDrive\Documents\Repositories\clucene\compiled\CMakeFiles\CMakeTmp\cmTC_cfa63.vcxproj]
Done Building Project "C:\Users\haven\OneDrive\Documents\Repositories\clucene\compiled\CMakeFiles\CMakeTmp\cmTC_cfa63.vcxproj" (default targets) -- FAILED.

Build FAILED.

"C:\Users\haven\OneDrive\Documents\Repositories\clucene\compiled\CMakeFiles\CMakeTmp\cmTC_cfa63.vcxproj" (default target) (1) ->
(Link target) -> 
  CheckFunctionExists.obj : error LNK2019: unresolved external symbol __vsnwprintf referenced in function _main [C:\Users\haven\OneDrive\Documents\Repositories\clucene\compiled\CMakeFiles\CMakeTmp\cmTC_cfa63.vcxproj]
  C:\Users\haven\OneDrive\Documents\Repositories\clucene\compiled\CMakeFiles\CMakeTmp\Debug\cmTC_cfa63.exe : fatal error LNK1120: 1 unresolved externals [C:\Users\haven\OneDrive\Documents\Repositories\clucene\compiled\CMakeFiles\CMakeTmp\cmTC_cfa63.vcxproj]

    0 Warning(s)
    2 Error(s)

Time Elapsed 00:00:00.38


Determining if the function mmap exists failed with the following output:
Change Dir: C:/Users/haven/OneDrive/Documents/Repositories/clucene/compiled/CMakeFiles/CMakeTmp

Run Build Command:"C:/Program Files (x86)/MSBuild/14.0/bin/MSBuild.exe" "cmTC_e755e.vcxproj" "/p:Configuration=Debug" "/p:VisualStudioVersion=14.0"
Microsoft (R) Build Engine version 14.0.25420.1
Copyright (C) Microsoft Corporation. All rights reserved.

Build started 2/4/2017 8:34:23 AM.
Project "C:\Users\haven\OneDrive\Documents\Repositories\clucene\compiled\CMakeFiles\CMakeTmp\cmTC_e755e.vcxproj" on node 1 (default targets).
PrepareForBuild:
  Creating directory "cmTC_e755e.dir\Debug\".
  Creating directory "C:\Users\haven\OneDrive\Documents\Repositories\clucene\compiled\CMakeFiles\CMakeTmp\Debug\".
  Creating directory "cmTC_e755e.dir\Debug\cmTC_e755e.tlog\".
InitializeBuildStatus:
  Creating "cmTC_e755e.dir\Debug\cmTC_e755e.tlog\unsuccessfulbuild" because "AlwaysCreate" was specified.
ClCompile:
  C:\Program Files (x86)\Microsoft Visual Studio 14.0\VC\bin\CL.exe /c /Zi /W3 /WX- /Od /Ob0 /Oy- /D WIN32 /D _WINDOWS /D CHECK_FUNCTION_EXISTS=mmap /D _DEBUG /D "CMAKE_INTDIR=\"Debug\"" /D _MBCS /Gm- /RTC1 /MDd /GS /fp:precise /Zc:wchar_t /Zc:forScope /Zc:inline /Fo"cmTC_e755e.dir\Debug\\" /Fd"cmTC_e755e.dir\Debug\vc140.pdb" /Gd /TC /analyze- /errorReport:queue "C:\Program Files\CMake\share\cmake-3.7\Modules\CheckFunctionExists.c"
  Microsoft (R) C/C++ Optimizing Compiler Version 19.00.24215.1 for x86
  Copyright (C) Microsoft Corporation.  All rights reserved.
  
  cl /c /Zi /W3 /WX- /Od /Ob0 /Oy- /D WIN32 /D _WINDOWS /D CHECK_FUNCTION_EXISTS=mmap /D _DEBUG /D "CMAKE_INTDIR=\"Debug\"" /D _MBCS /Gm- /RTC1 /MDd /GS /fp:precise /Zc:wchar_t /Zc:forScope /Zc:inline /Fo"cmTC_e755e.dir\Debug\\" /Fd"cmTC_e755e.dir\Debug\vc140.pdb" /Gd /TC /analyze- /errorReport:queue "C:\Program Files\CMake\share\cmake-3.7\Modules\CheckFunctionExists.c"
  
  CheckFunctionExists.c
Link:
  C:\Program Files (x86)\Microsoft Visual Studio 14.0\VC\bin\link.exe /ERRORREPORT:QUEUE /OUT:"C:\Users\haven\OneDrive\Documents\Repositories\clucene\compiled\CMakeFiles\CMakeTmp\Debug\cmTC_e755e.exe" /INCREMENTAL /NOLOGO kernel32.lib user32.lib gdi32.lib winspool.lib shell32.lib ole32.lib oleaut32.lib uuid.lib comdlg32.lib advapi32.lib /MANIFEST /MANIFESTUAC:"level='asInvoker' uiAccess='false'" /manifest:embed /DEBUG /PDB:"C:/Users/haven/OneDrive/Documents/Repositories/clucene/compiled/CMakeFiles/CMakeTmp/Debug/cmTC_e755e.pdb" /SUBSYSTEM:CONSOLE /TLBID:1 /DYNAMICBASE /NXCOMPAT /IMPLIB:"C:/Users/haven/OneDrive/Documents/Repositories/clucene/compiled/CMakeFiles/CMakeTmp/Debug/cmTC_e755e.lib" /MACHINE:X86 /SAFESEH  /machine:X86 cmTC_e755e.dir\Debug\CheckFunctionExists.obj
CheckFunctionExists.obj : error LNK2019: unresolved external symbol _mmap referenced in function _main [C:\Users\haven\OneDrive\Documents\Repositories\clucene\compiled\CMakeFiles\CMakeTmp\cmTC_e755e.vcxproj]
C:\Users\haven\OneDrive\Documents\Repositories\clucene\compiled\CMakeFiles\CMakeTmp\Debug\cmTC_e755e.exe : fatal error LNK1120: 1 unresolved externals [C:\Users\haven\OneDrive\Documents\Repositories\clucene\compiled\CMakeFiles\CMakeTmp\cmTC_e755e.vcxproj]
Done Building Project "C:\Users\haven\OneDrive\Documents\Repositories\clucene\compiled\CMakeFiles\CMakeTmp\cmTC_e755e.vcxproj" (default targets) -- FAILED.

Build FAILED.

"C:\Users\haven\OneDrive\Documents\Repositories\clucene\compiled\CMakeFiles\CMakeTmp\cmTC_e755e.vcxproj" (default target) (1) ->
(Link target) -> 
  CheckFunctionExists.obj : error LNK2019: unresolved external symbol _mmap referenced in function _main [C:\Users\haven\OneDrive\Documents\Repositories\clucene\compiled\CMakeFiles\CMakeTmp\cmTC_e755e.vcxproj]
  C:\Users\haven\OneDrive\Documents\Repositories\clucene\compiled\CMakeFiles\CMakeTmp\Debug\cmTC_e755e.exe : fatal error LNK1120: 1 unresolved externals [C:\Users\haven\OneDrive\Documents\Repositories\clucene\compiled\CMakeFiles\CMakeTmp\cmTC_e755e.vcxproj]

    0 Warning(s)
    2 Error(s)

Time Elapsed 00:00:00.39


Determining if the function fstati64 exists failed with the following output:
Change Dir: C:/Users/haven/OneDrive/Documents/Repositories/clucene/compiled/CMakeFiles/CMakeTmp

Run Build Command:"C:/Program Files (x86)/MSBuild/14.0/bin/MSBuild.exe" "cmTC_03a66.vcxproj" "/p:Configuration=Debug" "/p:VisualStudioVersion=14.0"
Microsoft (R) Build Engine version 14.0.25420.1
Copyright (C) Microsoft Corporation. All rights reserved.

Build started 2/4/2017 8:34:25 AM.
Project "C:\Users\haven\OneDrive\Documents\Repositories\clucene\compiled\CMakeFiles\CMakeTmp\cmTC_03a66.vcxproj" on node 1 (default targets).
PrepareForBuild:
  Creating directory "cmTC_03a66.dir\Debug\".
  Creating directory "C:\Users\haven\OneDrive\Documents\Repositories\clucene\compiled\CMakeFiles\CMakeTmp\Debug\".
  Creating directory "cmTC_03a66.dir\Debug\cmTC_03a66.tlog\".
InitializeBuildStatus:
  Creating "cmTC_03a66.dir\Debug\cmTC_03a66.tlog\unsuccessfulbuild" because "AlwaysCreate" was specified.
ClCompile:
  C:\Program Files (x86)\Microsoft Visual Studio 14.0\VC\bin\CL.exe /c /Zi /W3 /WX- /Od /Ob0 /Oy- /D WIN32 /D _WINDOWS /D CHECK_FUNCTION_EXISTS=fstati64 /D _DEBUG /D "CMAKE_INTDIR=\"Debug\"" /D _MBCS /Gm- /RTC1 /MDd /GS /fp:precise /Zc:wchar_t /Zc:forScope /Zc:inline /Fo"cmTC_03a66.dir\Debug\\" /Fd"cmTC_03a66.dir\Debug\vc140.pdb" /Gd /TC /analyze- /errorReport:queue "C:\Program Files\CMake\share\cmake-3.7\Modules\CheckFunctionExists.c"
  Microsoft (R) C/C++ Optimizing Compiler Version 19.00.24215.1 for x86
  Copyright (C) Microsoft Corporation.  All rights reserved.
  
  cl /c /Zi /W3 /WX- /Od /Ob0 /Oy- /D WIN32 /D _WINDOWS /D CHECK_FUNCTION_EXISTS=fstati64 /D _DEBUG /D "CMAKE_INTDIR=\"Debug\"" /D _MBCS /Gm- /RTC1 /MDd /GS /fp:precise /Zc:wchar_t /Zc:forScope /Zc:inline /Fo"cmTC_03a66.dir\Debug\\" /Fd"cmTC_03a66.dir\Debug\vc140.pdb" /Gd /TC /analyze- /errorReport:queue "C:\Program Files\CMake\share\cmake-3.7\Modules\CheckFunctionExists.c"
  
  CheckFunctionExists.c
Link:
  C:\Program Files (x86)\Microsoft Visual Studio 14.0\VC\bin\link.exe /ERRORREPORT:QUEUE /OUT:"C:\Users\haven\OneDrive\Documents\Repositories\clucene\compiled\CMakeFiles\CMakeTmp\Debug\cmTC_03a66.exe" /INCREMENTAL /NOLOGO kernel32.lib user32.lib gdi32.lib winspool.lib shell32.lib ole32.lib oleaut32.lib uuid.lib comdlg32.lib advapi32.lib /MANIFEST /MANIFESTUAC:"level='asInvoker' uiAccess='false'" /manifest:embed /DEBUG /PDB:"C:/Users/haven/OneDrive/Documents/Repositories/clucene/compiled/CMakeFiles/CMakeTmp/Debug/cmTC_03a66.pdb" /SUBSYSTEM:CONSOLE /TLBID:1 /DYNAMICBASE /NXCOMPAT /IMPLIB:"C:/Users/haven/OneDrive/Documents/Repositories/clucene/compiled/CMakeFiles/CMakeTmp/Debug/cmTC_03a66.lib" /MACHINE:X86 /SAFESEH  /machine:X86 cmTC_03a66.dir\Debug\CheckFunctionExists.obj
CheckFunctionExists.obj : error LNK2019: unresolved external symbol _fstati64 referenced in function _main [C:\Users\haven\OneDrive\Documents\Repositories\clucene\compiled\CMakeFiles\CMakeTmp\cmTC_03a66.vcxproj]
C:\Users\haven\OneDrive\Documents\Repositories\clucene\compiled\CMakeFiles\CMakeTmp\Debug\cmTC_03a66.exe : fatal error LNK1120: 1 unresolved externals [C:\Users\haven\OneDrive\Documents\Repositories\clucene\compiled\CMakeFiles\CMakeTmp\cmTC_03a66.vcxproj]
Done Building Project "C:\Users\haven\OneDrive\Documents\Repositories\clucene\compiled\CMakeFiles\CMakeTmp\cmTC_03a66.vcxproj" (default targets) -- FAILED.

Build FAILED.

"C:\Users\haven\OneDrive\Documents\Repositories\clucene\compiled\CMakeFiles\CMakeTmp\cmTC_03a66.vcxproj" (default target) (1) ->
(Link target) -> 
  CheckFunctionExists.obj : error LNK2019: unresolved external symbol _fstati64 referenced in function _main [C:\Users\haven\OneDrive\Documents\Repositories\clucene\compiled\CMakeFiles\CMakeTmp\cmTC_03a66.vcxproj]
  C:\Users\haven\OneDrive\Documents\Repositories\clucene\compiled\CMakeFiles\CMakeTmp\Debug\cmTC_03a66.exe : fatal error LNK1120: 1 unresolved externals [C:\Users\haven\OneDrive\Documents\Repositories\clucene\compiled\CMakeFiles\CMakeTmp\cmTC_03a66.vcxproj]

    0 Warning(s)
    2 Error(s)

Time Elapsed 00:00:00.41


Determining if the function stati64 exists failed with the following output:
Change Dir: C:/Users/haven/OneDrive/Documents/Repositories/clucene/compiled/CMakeFiles/CMakeTmp

Run Build Command:"C:/Program Files (x86)/MSBuild/14.0/bin/MSBuild.exe" "cmTC_961ed.vcxproj" "/p:Configuration=Debug" "/p:VisualStudioVersion=14.0"
Microsoft (R) Build Engine version 14.0.25420.1
Copyright (C) Microsoft Corporation. All rights reserved.

Build started 2/4/2017 8:34:26 AM.
Project "C:\Users\haven\OneDrive\Documents\Repositories\clucene\compiled\CMakeFiles\CMakeTmp\cmTC_961ed.vcxproj" on node 1 (default targets).
PrepareForBuild:
  Creating directory "cmTC_961ed.dir\Debug\".
  Creating directory "C:\Users\haven\OneDrive\Documents\Repositories\clucene\compiled\CMakeFiles\CMakeTmp\Debug\".
  Creating directory "cmTC_961ed.dir\Debug\cmTC_961ed.tlog\".
InitializeBuildStatus:
  Creating "cmTC_961ed.dir\Debug\cmTC_961ed.tlog\unsuccessfulbuild" because "AlwaysCreate" was specified.
ClCompile:
  C:\Program Files (x86)\Microsoft Visual Studio 14.0\VC\bin\CL.exe /c /Zi /W3 /WX- /Od /Ob0 /Oy- /D WIN32 /D _WINDOWS /D CHECK_FUNCTION_EXISTS=stati64 /D _DEBUG /D "CMAKE_INTDIR=\"Debug\"" /D _MBCS /Gm- /RTC1 /MDd /GS /fp:precise /Zc:wchar_t /Zc:forScope /Zc:inline /Fo"cmTC_961ed.dir\Debug\\" /Fd"cmTC_961ed.dir\Debug\vc140.pdb" /Gd /TC /analyze- /errorReport:queue "C:\Program Files\CMake\share\cmake-3.7\Modules\CheckFunctionExists.c"
  Microsoft (R) C/C++ Optimizing Compiler Version 19.00.24215.1 for x86
  Copyright (C) Microsoft Corporation.  All rights reserved.
  
  cl /c /Zi /W3 /WX- /Od /Ob0 /Oy- /D WIN32 /D _WINDOWS /D CHECK_FUNCTION_EXISTS=stati64 /D _DEBUG /D "CMAKE_INTDIR=\"Debug\"" /D _MBCS /Gm- /RTC1 /MDd /GS /fp:precise /Zc:wchar_t /Zc:forScope /Zc:inline /Fo"cmTC_961ed.dir\Debug\\" /Fd"cmTC_961ed.dir\Debug\vc140.pdb" /Gd /TC /analyze- /errorReport:queue "C:\Program Files\CMake\share\cmake-3.7\Modules\CheckFunctionExists.c"
  
  CheckFunctionExists.c
Link:
  C:\Program Files (x86)\Microsoft Visual Studio 14.0\VC\bin\link.exe /ERRORREPORT:QUEUE /OUT:"C:\Users\haven\OneDrive\Documents\Repositories\clucene\compiled\CMakeFiles\CMakeTmp\Debug\cmTC_961ed.exe" /INCREMENTAL /NOLOGO kernel32.lib user32.lib gdi32.lib winspool.lib shell32.lib ole32.lib oleaut32.lib uuid.lib comdlg32.lib advapi32.lib /MANIFEST /MANIFESTUAC:"level='asInvoker' uiAccess='false'" /manifest:embed /DEBUG /PDB:"C:/Users/haven/OneDrive/Documents/Repositories/clucene/compiled/CMakeFiles/CMakeTmp/Debug/cmTC_961ed.pdb" /SUBSYSTEM:CONSOLE /TLBID:1 /DYNAMICBASE /NXCOMPAT /IMPLIB:"C:/Users/haven/OneDrive/Documents/Repositories/clucene/compiled/CMakeFiles/CMakeTmp/Debug/cmTC_961ed.lib" /MACHINE:X86 /SAFESEH  /machine:X86 cmTC_961ed.dir\Debug\CheckFunctionExists.obj
CheckFunctionExists.obj : error LNK2019: unresolved external symbol _stati64 referenced in function _main [C:\Users\haven\OneDrive\Documents\Repositories\clucene\compiled\CMakeFiles\CMakeTmp\cmTC_961ed.vcxproj]
C:\Users\haven\OneDrive\Documents\Repositories\clucene\compiled\CMakeFiles\CMakeTmp\Debug\cmTC_961ed.exe : fatal error LNK1120: 1 unresolved externals [C:\Users\haven\OneDrive\Documents\Repositories\clucene\compiled\CMakeFiles\CMakeTmp\cmTC_961ed.vcxproj]
Done Building Project "C:\Users\haven\OneDrive\Documents\Repositories\clucene\compiled\CMakeFiles\CMakeTmp\cmTC_961ed.vcxproj" (default targets) -- FAILED.

Build FAILED.

"C:\Users\haven\OneDrive\Documents\Repositories\clucene\compiled\CMakeFiles\CMakeTmp\cmTC_961ed.vcxproj" (default target) (1) ->
(Link target) -> 
  CheckFunctionExists.obj : error LNK2019: unresolved external symbol _stati64 referenced in function _main [C:\Users\haven\OneDrive\Documents\Repositories\clucene\compiled\CMakeFiles\CMakeTmp\cmTC_961ed.vcxproj]
  C:\Users\haven\OneDrive\Documents\Repositories\clucene\compiled\CMakeFiles\CMakeTmp\Debug\cmTC_961ed.exe : fatal error LNK1120: 1 unresolved externals [C:\Users\haven\OneDrive\Documents\Repositories\clucene\compiled\CMakeFiles\CMakeTmp\cmTC_961ed.vcxproj]

    0 Warning(s)
    2 Error(s)

Time Elapsed 00:00:00.43


Determining if the function filelengthi64 exists failed with the following output:
Change Dir: C:/Users/haven/OneDrive/Documents/Repositories/clucene/compiled/CMakeFiles/CMakeTmp

Run Build Command:"C:/Program Files (x86)/MSBuild/14.0/bin/MSBuild.exe" "cmTC_707b4.vcxproj" "/p:Configuration=Debug" "/p:VisualStudioVersion=14.0"
Microsoft (R) Build Engine version 14.0.25420.1
Copyright (C) Microsoft Corporation. All rights reserved.

Build started 2/4/2017 8:34:27 AM.
Project "C:\Users\haven\OneDrive\Documents\Repositories\clucene\compiled\CMakeFiles\CMakeTmp\cmTC_707b4.vcxproj" on node 1 (default targets).
PrepareForBuild:
  Creating directory "cmTC_707b4.dir\Debug\".
  Creating directory "C:\Users\haven\OneDrive\Documents\Repositories\clucene\compiled\CMakeFiles\CMakeTmp\Debug\".
  Creating directory "cmTC_707b4.dir\Debug\cmTC_707b4.tlog\".
InitializeBuildStatus:
  Creating "cmTC_707b4.dir\Debug\cmTC_707b4.tlog\unsuccessfulbuild" because "AlwaysCreate" was specified.
ClCompile:
  C:\Program Files (x86)\Microsoft Visual Studio 14.0\VC\bin\CL.exe /c /Zi /W3 /WX- /Od /Ob0 /Oy- /D WIN32 /D _WINDOWS /D CHECK_FUNCTION_EXISTS=filelengthi64 /D _DEBUG /D "CMAKE_INTDIR=\"Debug\"" /D _MBCS /Gm- /RTC1 /MDd /GS /fp:precise /Zc:wchar_t /Zc:forScope /Zc:inline /Fo"cmTC_707b4.dir\Debug\\" /Fd"cmTC_707b4.dir\Debug\vc140.pdb" /Gd /TC /analyze- /errorReport:queue "C:\Program Files\CMake\share\cmake-3.7\Modules\CheckFunctionExists.c"
  Microsoft (R) C/C++ Optimizing Compiler Version 19.00.24215.1 for x86
  Copyright (C) Microsoft Corporation.  All rights reserved.
  
  cl /c /Zi /W3 /WX- /Od /Ob0 /Oy- /D WIN32 /D _WINDOWS /D CHECK_FUNCTION_EXISTS=filelengthi64 /D _DEBUG /D "CMAKE_INTDIR=\"Debug\"" /D _MBCS /Gm- /RTC1 /MDd /GS /fp:precise /Zc:wchar_t /Zc:forScope /Zc:inline /Fo"cmTC_707b4.dir\Debug\\" /Fd"cmTC_707b4.dir\Debug\vc140.pdb" /Gd /TC /analyze- /errorReport:queue "C:\Program Files\CMake\share\cmake-3.7\Modules\CheckFunctionExists.c"
  
  CheckFunctionExists.c
Link:
  C:\Program Files (x86)\Microsoft Visual Studio 14.0\VC\bin\link.exe /ERRORREPORT:QUEUE /OUT:"C:\Users\haven\OneDrive\Documents\Repositories\clucene\compiled\CMakeFiles\CMakeTmp\Debug\cmTC_707b4.exe" /INCREMENTAL /NOLOGO kernel32.lib user32.lib gdi32.lib winspool.lib shell32.lib ole32.lib oleaut32.lib uuid.lib comdlg32.lib advapi32.lib /MANIFEST /MANIFESTUAC:"level='asInvoker' uiAccess='false'" /manifest:embed /DEBUG /PDB:"C:/Users/haven/OneDrive/Documents/Repositories/clucene/compiled/CMakeFiles/CMakeTmp/Debug/cmTC_707b4.pdb" /SUBSYSTEM:CONSOLE /TLBID:1 /DYNAMICBASE /NXCOMPAT /IMPLIB:"C:/Users/haven/OneDrive/Documents/Repositories/clucene/compiled/CMakeFiles/CMakeTmp/Debug/cmTC_707b4.lib" /MACHINE:X86 /SAFESEH  /machine:X86 cmTC_707b4.dir\Debug\CheckFunctionExists.obj
CheckFunctionExists.obj : error LNK2019: unresolved external symbol _filelengthi64 referenced in function _main [C:\Users\haven\OneDrive\Documents\Repositories\clucene\compiled\CMakeFiles\CMakeTmp\cmTC_707b4.vcxproj]
C:\Users\haven\OneDrive\Documents\Repositories\clucene\compiled\CMakeFiles\CMakeTmp\Debug\cmTC_707b4.exe : fatal error LNK1120: 1 unresolved externals [C:\Users\haven\OneDrive\Documents\Repositories\clucene\compiled\CMakeFiles\CMakeTmp\cmTC_707b4.vcxproj]
Done Building Project "C:\Users\haven\OneDrive\Documents\Repositories\clucene\compiled\CMakeFiles\CMakeTmp\cmTC_707b4.vcxproj" (default targets) -- FAILED.

Build FAILED.

"C:\Users\haven\OneDrive\Documents\Repositories\clucene\compiled\CMakeFiles\CMakeTmp\cmTC_707b4.vcxproj" (default target) (1) ->
(Link target) -> 
  CheckFunctionExists.obj : error LNK2019: unresolved external symbol _filelengthi64 referenced in function _main [C:\Users\haven\OneDrive\Documents\Repositories\clucene\compiled\CMakeFiles\CMakeTmp\cmTC_707b4.vcxproj]
  C:\Users\haven\OneDrive\Documents\Repositories\clucene\compiled\CMakeFiles\CMakeTmp\Debug\cmTC_707b4.exe : fatal error LNK1120: 1 unresolved externals [C:\Users\haven\OneDrive\Documents\Repositories\clucene\compiled\CMakeFiles\CMakeTmp\cmTC_707b4.vcxproj]

    0 Warning(s)
    2 Error(s)

Time Elapsed 00:00:00.42


Determining if the function lseeki64 exists failed with the following output:
Change Dir: C:/Users/haven/OneDrive/Documents/Repositories/clucene/compiled/CMakeFiles/CMakeTmp

Run Build Command:"C:/Program Files (x86)/MSBuild/14.0/bin/MSBuild.exe" "cmTC_f6fde.vcxproj" "/p:Configuration=Debug" "/p:VisualStudioVersion=14.0"
Microsoft (R) Build Engine version 14.0.25420.1
Copyright (C) Microsoft Corporation. All rights reserved.

Build started 2/4/2017 8:34:28 AM.
Project "C:\Users\haven\OneDrive\Documents\Repositories\clucene\compiled\CMakeFiles\CMakeTmp\cmTC_f6fde.vcxproj" on node 1 (default targets).
PrepareForBuild:
  Creating directory "cmTC_f6fde.dir\Debug\".
  Creating directory "C:\Users\haven\OneDrive\Documents\Repositories\clucene\compiled\CMakeFiles\CMakeTmp\Debug\".
  Creating directory "cmTC_f6fde.dir\Debug\cmTC_f6fde.tlog\".
InitializeBuildStatus:
  Creating "cmTC_f6fde.dir\Debug\cmTC_f6fde.tlog\unsuccessfulbuild" because "AlwaysCreate" was specified.
ClCompile:
  C:\Program Files (x86)\Microsoft Visual Studio 14.0\VC\bin\CL.exe /c /Zi /W3 /WX- /Od /Ob0 /Oy- /D WIN32 /D _WINDOWS /D CHECK_FUNCTION_EXISTS=lseeki64 /D _DEBUG /D "CMAKE_INTDIR=\"Debug\"" /D _MBCS /Gm- /RTC1 /MDd /GS /fp:precise /Zc:wchar_t /Zc:forScope /Zc:inline /Fo"cmTC_f6fde.dir\Debug\\" /Fd"cmTC_f6fde.dir\Debug\vc140.pdb" /Gd /TC /analyze- /errorReport:queue "C:\Program Files\CMake\share\cmake-3.7\Modules\CheckFunctionExists.c"
  Microsoft (R) C/C++ Optimizing Compiler Version 19.00.24215.1 for x86
  Copyright (C) Microsoft Corporation.  All rights reserved.
  
  cl /c /Zi /W3 /WX- /Od /Ob0 /Oy- /D WIN32 /D _WINDOWS /D CHECK_FUNCTION_EXISTS=lseeki64 /D _DEBUG /D "CMAKE_INTDIR=\"Debug\"" /D _MBCS /Gm- /RTC1 /MDd /GS /fp:precise /Zc:wchar_t /Zc:forScope /Zc:inline /Fo"cmTC_f6fde.dir\Debug\\" /Fd"cmTC_f6fde.dir\Debug\vc140.pdb" /Gd /TC /analyze- /errorReport:queue "C:\Program Files\CMake\share\cmake-3.7\Modules\CheckFunctionExists.c"
  
  CheckFunctionExists.c
Link:
  C:\Program Files (x86)\Microsoft Visual Studio 14.0\VC\bin\link.exe /ERRORREPORT:QUEUE /OUT:"C:\Users\haven\OneDrive\Documents\Repositories\clucene\compiled\CMakeFiles\CMakeTmp\Debug\cmTC_f6fde.exe" /INCREMENTAL /NOLOGO kernel32.lib user32.lib gdi32.lib winspool.lib shell32.lib ole32.lib oleaut32.lib uuid.lib comdlg32.lib advapi32.lib /MANIFEST /MANIFESTUAC:"level='asInvoker' uiAccess='false'" /manifest:embed /DEBUG /PDB:"C:/Users/haven/OneDrive/Documents/Repositories/clucene/compiled/CMakeFiles/CMakeTmp/Debug/cmTC_f6fde.pdb" /SUBSYSTEM:CONSOLE /TLBID:1 /DYNAMICBASE /NXCOMPAT /IMPLIB:"C:/Users/haven/OneDrive/Documents/Repositories/clucene/compiled/CMakeFiles/CMakeTmp/Debug/cmTC_f6fde.lib" /MACHINE:X86 /SAFESEH  /machine:X86 cmTC_f6fde.dir\Debug\CheckFunctionExists.obj
CheckFunctionExists.obj : error LNK2019: unresolved external symbol _lseeki64 referenced in function _main [C:\Users\haven\OneDrive\Documents\Repositories\clucene\compiled\CMakeFiles\CMakeTmp\cmTC_f6fde.vcxproj]
C:\Users\haven\OneDrive\Documents\Repositories\clucene\compiled\CMakeFiles\CMakeTmp\Debug\cmTC_f6fde.exe : fatal error LNK1120: 1 unresolved externals [C:\Users\haven\OneDrive\Documents\Repositories\clucene\compiled\CMakeFiles\CMakeTmp\cmTC_f6fde.vcxproj]
Done Building Project "C:\Users\haven\OneDrive\Documents\Repositories\clucene\compiled\CMakeFiles\CMakeTmp\cmTC_f6fde.vcxproj" (default targets) -- FAILED.

Build FAILED.

"C:\Users\haven\OneDrive\Documents\Repositories\clucene\compiled\CMakeFiles\CMakeTmp\cmTC_f6fde.vcxproj" (default target) (1) ->
(Link target) -> 
  CheckFunctionExists.obj : error LNK2019: unresolved external symbol _lseeki64 referenced in function _main [C:\Users\haven\OneDrive\Documents\Repositories\clucene\compiled\CMakeFiles\CMakeTmp\cmTC_f6fde.vcxproj]
  C:\Users\haven\OneDrive\Documents\Repositories\clucene\compiled\CMakeFiles\CMakeTmp\Debug\cmTC_f6fde.exe : fatal error LNK1120: 1 unresolved externals [C:\Users\haven\OneDrive\Documents\Repositories\clucene\compiled\CMakeFiles\CMakeTmp\cmTC_f6fde.vcxproj]

    0 Warning(s)
    2 Error(s)

Time Elapsed 00:00:00.44


Performing C++ SOURCE FILE Test _CL_HAVE_OPTION_STATI64 failed with the following output:
Change Dir: C:/Users/haven/OneDrive/Documents/Repositories/clucene/compiled/CMakeFiles/CMakeTmp

Run Build Command:"C:/Program Files (x86)/MSBuild/14.0/bin/MSBuild.exe" "cmTC_4fbc1.vcxproj" "/p:Configuration=Debug" "/p:VisualStudioVersion=14.0"
Microsoft (R) Build Engine version 14.0.25420.1
Copyright (C) Microsoft Corporation. All rights reserved.

Build started 2/4/2017 8:34:29 AM.
Project "C:\Users\haven\OneDrive\Documents\Repositories\clucene\compiled\CMakeFiles\CMakeTmp\cmTC_4fbc1.vcxproj" on node 1 (default targets).
PrepareForBuild:
  Creating directory "cmTC_4fbc1.dir\Debug\".
  Creating directory "C:\Users\haven\OneDrive\Documents\Repositories\clucene\compiled\CMakeFiles\CMakeTmp\Debug\".
  Creating directory "cmTC_4fbc1.dir\Debug\cmTC_4fbc1.tlog\".
InitializeBuildStatus:
  Creating "cmTC_4fbc1.dir\Debug\cmTC_4fbc1.tlog\unsuccessfulbuild" because "AlwaysCreate" was specified.
ClCompile:
  C:\Program Files (x86)\Microsoft Visual Studio 14.0\VC\bin\CL.exe /c /Zi /W3 /WX- /Od /Ob0 /Oy- /D WIN32 /D _WINDOWS /D _CL_HAVE_OPTION_STATI64 /D _DEBUG /D "CMAKE_INTDIR=\"Debug\"" /D _MBCS /Gm- /EHsc /RTC1 /MDd /GS /fp:precise /Zc:wchar_t /Zc:forScope /Zc:inline /GR /Fo"cmTC_4fbc1.dir\Debug\\" /Fd"cmTC_4fbc1.dir\Debug\vc140.pdb" /Gd /TP /analyze- /errorReport:queue C:\Users\haven\OneDrive\Documents\Repositories\clucene\compiled\CMakeFiles\CMakeTmp\src.cxx
  Microsoft (R) C/C++ Optimizing Compiler Version 19.00.24215.1 for x86
  Copyright (C) Microsoft Corporation.  All rights reserved.
  
  cl /c /Zi /W3 /WX- /Od /Ob0 /Oy- /D WIN32 /D _WINDOWS /D _CL_HAVE_OPTION_STATI64 /D _DEBUG /D "CMAKE_INTDIR=\"Debug\"" /D _MBCS /Gm- /EHsc /RTC1 /MDd /GS /fp:precise /Zc:wchar_t /Zc:forScope /Zc:inline /GR /Fo"cmTC_4fbc1.dir\Debug\\" /Fd"cmTC_4fbc1.dir\Debug\vc140.pdb" /Gd /TP /analyze- /errorReport:queue C:\Users\haven\OneDrive\Documents\Repositories\clucene\compiled\CMakeFiles\CMakeTmp\src.cxx
  
  src.cxx
C:\Users\haven\OneDrive\Documents\Repositories\clucene\compiled\CMakeFiles\CMakeTmp\src.cxx(7): error C2079: 'x' uses undefined struct 'main::stati64' [C:\Users\haven\OneDrive\Documents\Repositories\clucene\compiled\CMakeFiles\CMakeTmp\cmTC_4fbc1.vcxproj]
Done Building Project "C:\Users\haven\OneDrive\Documents\Repositories\clucene\compiled\CMakeFiles\CMakeTmp\cmTC_4fbc1.vcxproj" (default targets) -- FAILED.

Build FAILED.

"C:\Users\haven\OneDrive\Documents\Repositories\clucene\compiled\CMakeFiles\CMakeTmp\cmTC_4fbc1.vcxproj" (default target) (1) ->
(ClCompile target) -> 
  C:\Users\haven\OneDrive\Documents\Repositories\clucene\compiled\CMakeFiles\CMakeTmp\src.cxx(7): error C2079: 'x' uses undefined struct 'main::stati64' [C:\Users\haven\OneDrive\Documents\Repositories\clucene\compiled\CMakeFiles\CMakeTmp\cmTC_4fbc1.vcxproj]

    0 Warning(s)
    1 Error(s)

Time Elapsed 00:00:00.32

Source file was:

    	    #include "sys/stat.h"
    	    #include "sys/timeb.h"
    	    #include "sys/stat.h"
    	    #include "sys/timeb.h"
            	    int main(){
            	        struct stati64 x; 
            	    }
Determining if the function telli64 exists failed with the following output:
Change Dir: C:/Users/haven/OneDrive/Documents/Repositories/clucene/compiled/CMakeFiles/CMakeTmp

Run Build Command:"C:/Program Files (x86)/MSBuild/14.0/bin/MSBuild.exe" "cmTC_d02a6.vcxproj" "/p:Configuration=Debug" "/p:VisualStudioVersion=14.0"
Microsoft (R) Build Engine version 14.0.25420.1
Copyright (C) Microsoft Corporation. All rights reserved.

Build started 2/4/2017 8:34:30 AM.
Project "C:\Users\haven\OneDrive\Documents\Repositories\clucene\compiled\CMakeFiles\CMakeTmp\cmTC_d02a6.vcxproj" on node 1 (default targets).
PrepareForBuild:
  Creating directory "cmTC_d02a6.dir\Debug\".
  Creating directory "C:\Users\haven\OneDrive\Documents\Repositories\clucene\compiled\CMakeFiles\CMakeTmp\Debug\".
  Creating directory "cmTC_d02a6.dir\Debug\cmTC_d02a6.tlog\".
InitializeBuildStatus:
  Creating "cmTC_d02a6.dir\Debug\cmTC_d02a6.tlog\unsuccessfulbuild" because "AlwaysCreate" was specified.
ClCompile:
  C:\Program Files (x86)\Microsoft Visual Studio 14.0\VC\bin\CL.exe /c /Zi /W3 /WX- /Od /Ob0 /Oy- /D WIN32 /D _WINDOWS /D CHECK_FUNCTION_EXISTS=telli64 /D _DEBUG /D "CMAKE_INTDIR=\"Debug\"" /D _MBCS /Gm- /RTC1 /MDd /GS /fp:precise /Zc:wchar_t /Zc:forScope /Zc:inline /Fo"cmTC_d02a6.dir\Debug\\" /Fd"cmTC_d02a6.dir\Debug\vc140.pdb" /Gd /TC /analyze- /errorReport:queue "C:\Program Files\CMake\share\cmake-3.7\Modules\CheckFunctionExists.c"
  Microsoft (R) C/C++ Optimizing Compiler Version 19.00.24215.1 for x86
  Copyright (C) Microsoft Corporation.  All rights reserved.
  
  cl /c /Zi /W3 /WX- /Od /Ob0 /Oy- /D WIN32 /D _WINDOWS /D CHECK_FUNCTION_EXISTS=telli64 /D _DEBUG /D "CMAKE_INTDIR=\"Debug\"" /D _MBCS /Gm- /RTC1 /MDd /GS /fp:precise /Zc:wchar_t /Zc:forScope /Zc:inline /Fo"cmTC_d02a6.dir\Debug\\" /Fd"cmTC_d02a6.dir\Debug\vc140.pdb" /Gd /TC /analyze- /errorReport:queue "C:\Program Files\CMake\share\cmake-3.7\Modules\CheckFunctionExists.c"
  
  CheckFunctionExists.c
Link:
  C:\Program Files (x86)\Microsoft Visual Studio 14.0\VC\bin\link.exe /ERRORREPORT:QUEUE /OUT:"C:\Users\haven\OneDrive\Documents\Repositories\clucene\compiled\CMakeFiles\CMakeTmp\Debug\cmTC_d02a6.exe" /INCREMENTAL /NOLOGO kernel32.lib user32.lib gdi32.lib winspool.lib shell32.lib ole32.lib oleaut32.lib uuid.lib comdlg32.lib advapi32.lib /MANIFEST /MANIFESTUAC:"level='asInvoker' uiAccess='false'" /manifest:embed /DEBUG /PDB:"C:/Users/haven/OneDrive/Documents/Repositories/clucene/compiled/CMakeFiles/CMakeTmp/Debug/cmTC_d02a6.pdb" /SUBSYSTEM:CONSOLE /TLBID:1 /DYNAMICBASE /NXCOMPAT /IMPLIB:"C:/Users/haven/OneDrive/Documents/Repositories/clucene/compiled/CMakeFiles/CMakeTmp/Debug/cmTC_d02a6.lib" /MACHINE:X86 /SAFESEH  /machine:X86 cmTC_d02a6.dir\Debug\CheckFunctionExists.obj
CheckFunctionExists.obj : error LNK2019: unresolved external symbol _telli64 referenced in function _main [C:\Users\haven\OneDrive\Documents\Repositories\clucene\compiled\CMakeFiles\CMakeTmp\cmTC_d02a6.vcxproj]
C:\Users\haven\OneDrive\Documents\Repositories\clucene\compiled\CMakeFiles\CMakeTmp\Debug\cmTC_d02a6.exe : fatal error LNK1120: 1 unresolved externals [C:\Users\haven\OneDrive\Documents\Repositories\clucene\compiled\CMakeFiles\CMakeTmp\cmTC_d02a6.vcxproj]
Done Building Project "C:\Users\haven\OneDrive\Documents\Repositories\clucene\compiled\CMakeFiles\CMakeTmp\cmTC_d02a6.vcxproj" (default targets) -- FAILED.

Build FAILED.

"C:\Users\haven\OneDrive\Documents\Repositories\clucene\compiled\CMakeFiles\CMakeTmp\cmTC_d02a6.vcxproj" (default target) (1) ->
(Link target) -> 
  CheckFunctionExists.obj : error LNK2019: unresolved external symbol _telli64 referenced in function _main [C:\Users\haven\OneDrive\Documents\Repositories\clucene\compiled\CMakeFiles\CMakeTmp\cmTC_d02a6.vcxproj]
  C:\Users\haven\OneDrive\Documents\Repositories\clucene\compiled\CMakeFiles\CMakeTmp\Debug\cmTC_d02a6.exe : fatal error LNK1120: 1 unresolved externals [C:\Users\haven\OneDrive\Documents\Repositories\clucene\compiled\CMakeFiles\CMakeTmp\cmTC_d02a6.vcxproj]

    0 Warning(s)
    2 Error(s)

Time Elapsed 00:00:00.39


Determining if the function realpath exists failed with the following output:
Change Dir: C:/Users/haven/OneDrive/Documents/Repositories/clucene/compiled/CMakeFiles/CMakeTmp

Run Build Command:"C:/Program Files (x86)/MSBuild/14.0/bin/MSBuild.exe" "cmTC_ab9f5.vcxproj" "/p:Configuration=Debug" "/p:VisualStudioVersion=14.0"
Microsoft (R) Build Engine version 14.0.25420.1
Copyright (C) Microsoft Corporation. All rights reserved.

Build started 2/4/2017 8:34:31 AM.
Project "C:\Users\haven\OneDrive\Documents\Repositories\clucene\compiled\CMakeFiles\CMakeTmp\cmTC_ab9f5.vcxproj" on node 1 (default targets).
PrepareForBuild:
  Creating directory "cmTC_ab9f5.dir\Debug\".
  Creating directory "C:\Users\haven\OneDrive\Documents\Repositories\clucene\compiled\CMakeFiles\CMakeTmp\Debug\".
  Creating directory "cmTC_ab9f5.dir\Debug\cmTC_ab9f5.tlog\".
InitializeBuildStatus:
  Creating "cmTC_ab9f5.dir\Debug\cmTC_ab9f5.tlog\unsuccessfulbuild" because "AlwaysCreate" was specified.
ClCompile:
  C:\Program Files (x86)\Microsoft Visual Studio 14.0\VC\bin\CL.exe /c /Zi /W3 /WX- /Od /Ob0 /Oy- /D WIN32 /D _WINDOWS /D CHECK_FUNCTION_EXISTS=realpath /D _DEBUG /D "CMAKE_INTDIR=\"Debug\"" /D _MBCS /Gm- /RTC1 /MDd /GS /fp:precise /Zc:wchar_t /Zc:forScope /Zc:inline /Fo"cmTC_ab9f5.dir\Debug\\" /Fd"cmTC_ab9f5.dir\Debug\vc140.pdb" /Gd /TC /analyze- /errorReport:queue "C:\Program Files\CMake\share\cmake-3.7\Modules\CheckFunctionExists.c"
  Microsoft (R) C/C++ Optimizing Compiler Version 19.00.24215.1 for x86
  Copyright (C) Microsoft Corporation.  All rights reserved.
  
  cl /c /Zi /W3 /WX- /Od /Ob0 /Oy- /D WIN32 /D _WINDOWS /D CHECK_FUNCTION_EXISTS=realpath /D _DEBUG /D "CMAKE_INTDIR=\"Debug\"" /D _MBCS /Gm- /RTC1 /MDd /GS /fp:precise /Zc:wchar_t /Zc:forScope /Zc:inline /Fo"cmTC_ab9f5.dir\Debug\\" /Fd"cmTC_ab9f5.dir\Debug\vc140.pdb" /Gd /TC /analyze- /errorReport:queue "C:\Program Files\CMake\share\cmake-3.7\Modules\CheckFunctionExists.c"
  
  CheckFunctionExists.c
Link:
  C:\Program Files (x86)\Microsoft Visual Studio 14.0\VC\bin\link.exe /ERRORREPORT:QUEUE /OUT:"C:\Users\haven\OneDrive\Documents\Repositories\clucene\compiled\CMakeFiles\CMakeTmp\Debug\cmTC_ab9f5.exe" /INCREMENTAL /NOLOGO kernel32.lib user32.lib gdi32.lib winspool.lib shell32.lib ole32.lib oleaut32.lib uuid.lib comdlg32.lib advapi32.lib /MANIFEST /MANIFESTUAC:"level='asInvoker' uiAccess='false'" /manifest:embed /DEBUG /PDB:"C:/Users/haven/OneDrive/Documents/Repositories/clucene/compiled/CMakeFiles/CMakeTmp/Debug/cmTC_ab9f5.pdb" /SUBSYSTEM:CONSOLE /TLBID:1 /DYNAMICBASE /NXCOMPAT /IMPLIB:"C:/Users/haven/OneDrive/Documents/Repositories/clucene/compiled/CMakeFiles/CMakeTmp/Debug/cmTC_ab9f5.lib" /MACHINE:X86 /SAFESEH  /machine:X86 cmTC_ab9f5.dir\Debug\CheckFunctionExists.obj
CheckFunctionExists.obj : error LNK2019: unresolved external symbol _realpath referenced in function _main [C:\Users\haven\OneDrive\Documents\Repositories\clucene\compiled\CMakeFiles\CMakeTmp\cmTC_ab9f5.vcxproj]
C:\Users\haven\OneDrive\Documents\Repositories\clucene\compiled\CMakeFiles\CMakeTmp\Debug\cmTC_ab9f5.exe : fatal error LNK1120: 1 unresolved externals [C:\Users\haven\OneDrive\Documents\Repositories\clucene\compiled\CMakeFiles\CMakeTmp\cmTC_ab9f5.vcxproj]
Done Building Project "C:\Users\haven\OneDrive\Documents\Repositories\clucene\compiled\CMakeFiles\CMakeTmp\cmTC_ab9f5.vcxproj" (default targets) -- FAILED.

Build FAILED.

"C:\Users\haven\OneDrive\Documents\Repositories\clucene\compiled\CMakeFiles\CMakeTmp\cmTC_ab9f5.vcxproj" (default target) (1) ->
(Link target) -> 
  CheckFunctionExists.obj : error LNK2019: unresolved external symbol _realpath referenced in function _main [C:\Users\haven\OneDrive\Documents\Repositories\clucene\compiled\CMakeFiles\CMakeTmp\cmTC_ab9f5.vcxproj]
  C:\Users\haven\OneDrive\Documents\Repositories\clucene\compiled\CMakeFiles\CMakeTmp\Debug\cmTC_ab9f5.exe : fatal error LNK1120: 1 unresolved externals [C:\Users\haven\OneDrive\Documents\Repositories\clucene\compiled\CMakeFiles\CMakeTmp\cmTC_ab9f5.vcxproj]

    0 Warning(s)
    2 Error(s)

Time Elapsed 00:00:00.41


Determining if the function usleep exists failed with the following output:
Change Dir: C:/Users/haven/OneDrive/Documents/Repositories/clucene/compiled/CMakeFiles/CMakeTmp

Run Build Command:"C:/Program Files (x86)/MSBuild/14.0/bin/MSBuild.exe" "cmTC_f8a82.vcxproj" "/p:Configuration=Debug" "/p:VisualStudioVersion=14.0"
Microsoft (R) Build Engine version 14.0.25420.1
Copyright (C) Microsoft Corporation. All rights reserved.

Build started 2/4/2017 8:34:40 AM.
Project "C:\Users\haven\OneDrive\Documents\Repositories\clucene\compiled\CMakeFiles\CMakeTmp\cmTC_f8a82.vcxproj" on node 1 (default targets).
PrepareForBuild:
  Creating directory "cmTC_f8a82.dir\Debug\".
  Creating directory "C:\Users\haven\OneDrive\Documents\Repositories\clucene\compiled\CMakeFiles\CMakeTmp\Debug\".
  Creating directory "cmTC_f8a82.dir\Debug\cmTC_f8a82.tlog\".
InitializeBuildStatus:
  Creating "cmTC_f8a82.dir\Debug\cmTC_f8a82.tlog\unsuccessfulbuild" because "AlwaysCreate" was specified.
ClCompile:
  C:\Program Files (x86)\Microsoft Visual Studio 14.0\VC\bin\CL.exe /c /Zi /W3 /WX- /Od /Ob0 /Oy- /D WIN32 /D _WINDOWS /D CHECK_FUNCTION_EXISTS=usleep /D _DEBUG /D "CMAKE_INTDIR=\"Debug\"" /D _MBCS /Gm- /RTC1 /MDd /GS /fp:precise /Zc:wchar_t /Zc:forScope /Zc:inline /Fo"cmTC_f8a82.dir\Debug\\" /Fd"cmTC_f8a82.dir\Debug\vc140.pdb" /Gd /TC /analyze- /errorReport:queue "C:\Program Files\CMake\share\cmake-3.7\Modules\CheckFunctionExists.c"
  Microsoft (R) C/C++ Optimizing Compiler Version 19.00.24215.1 for x86
  Copyright (C) Microsoft Corporation.  All rights reserved.
  
  cl /c /Zi /W3 /WX- /Od /Ob0 /Oy- /D WIN32 /D _WINDOWS /D CHECK_FUNCTION_EXISTS=usleep /D _DEBUG /D "CMAKE_INTDIR=\"Debug\"" /D _MBCS /Gm- /RTC1 /MDd /GS /fp:precise /Zc:wchar_t /Zc:forScope /Zc:inline /Fo"cmTC_f8a82.dir\Debug\\" /Fd"cmTC_f8a82.dir\Debug\vc140.pdb" /Gd /TC /analyze- /errorReport:queue "C:\Program Files\CMake\share\cmake-3.7\Modules\CheckFunctionExists.c"
  
  CheckFunctionExists.c
Link:
  C:\Program Files (x86)\Microsoft Visual Studio 14.0\VC\bin\link.exe /ERRORREPORT:QUEUE /OUT:"C:\Users\haven\OneDrive\Documents\Repositories\clucene\compiled\CMakeFiles\CMakeTmp\Debug\cmTC_f8a82.exe" /INCREMENTAL /NOLOGO kernel32.lib user32.lib gdi32.lib winspool.lib shell32.lib ole32.lib oleaut32.lib uuid.lib comdlg32.lib advapi32.lib /MANIFEST /MANIFESTUAC:"level='asInvoker' uiAccess='false'" /manifest:embed /DEBUG /PDB:"C:/Users/haven/OneDrive/Documents/Repositories/clucene/compiled/CMakeFiles/CMakeTmp/Debug/cmTC_f8a82.pdb" /SUBSYSTEM:CONSOLE /TLBID:1 /DYNAMICBASE /NXCOMPAT /IMPLIB:"C:/Users/haven/OneDrive/Documents/Repositories/clucene/compiled/CMakeFiles/CMakeTmp/Debug/cmTC_f8a82.lib" /MACHINE:X86 /SAFESEH  /machine:X86 cmTC_f8a82.dir\Debug\CheckFunctionExists.obj
CheckFunctionExists.obj : error LNK2019: unresolved external symbol _usleep referenced in function _main [C:\Users\haven\OneDrive\Documents\Repositories\clucene\compiled\CMakeFiles\CMakeTmp\cmTC_f8a82.vcxproj]
C:\Users\haven\OneDrive\Documents\Repositories\clucene\compiled\CMakeFiles\CMakeTmp\Debug\cmTC_f8a82.exe : fatal error LNK1120: 1 unresolved externals [C:\Users\haven\OneDrive\Documents\Repositories\clucene\compiled\CMakeFiles\CMakeTmp\cmTC_f8a82.vcxproj]
Done Building Project "C:\Users\haven\OneDrive\Documents\Repositories\clucene\compiled\CMakeFiles\CMakeTmp\cmTC_f8a82.vcxproj" (default targets) -- FAILED.

Build FAILED.

"C:\Users\haven\OneDrive\Documents\Repositories\clucene\compiled\CMakeFiles\CMakeTmp\cmTC_f8a82.vcxproj" (default target) (1) ->
(Link target) -> 
  CheckFunctionExists.obj : error LNK2019: unresolved external symbol _usleep referenced in function _main [C:\Users\haven\OneDrive\Documents\Repositories\clucene\compiled\CMakeFiles\CMakeTmp\cmTC_f8a82.vcxproj]
  C:\Users\haven\OneDrive\Documents\Repositories\clucene\compiled\CMakeFiles\CMakeTmp\Debug\cmTC_f8a82.exe : fatal error LNK1120: 1 unresolved externals [C:\Users\haven\OneDrive\Documents\Repositories\clucene\compiled\CMakeFiles\CMakeTmp\cmTC_f8a82.vcxproj]

    0 Warning(s)
    2 Error(s)

Time Elapsed 00:00:00.39


Determining if the function _snprintf exists failed with the following output:
Change Dir: C:/Users/haven/OneDrive/Documents/Repositories/clucene/compiled/CMakeFiles/CMakeTmp

Run Build Command:"C:/Program Files (x86)/MSBuild/14.0/bin/MSBuild.exe" "cmTC_41c30.vcxproj" "/p:Configuration=Debug" "/p:VisualStudioVersion=14.0"
Microsoft (R) Build Engine version 14.0.25420.1
Copyright (C) Microsoft Corporation. All rights reserved.

Build started 2/4/2017 8:34:41 AM.
Project "C:\Users\haven\OneDrive\Documents\Repositories\clucene\compiled\CMakeFiles\CMakeTmp\cmTC_41c30.vcxproj" on node 1 (default targets).
PrepareForBuild:
  Creating directory "cmTC_41c30.dir\Debug\".
  Creating directory "C:\Users\haven\OneDrive\Documents\Repositories\clucene\compiled\CMakeFiles\CMakeTmp\Debug\".
  Creating directory "cmTC_41c30.dir\Debug\cmTC_41c30.tlog\".
InitializeBuildStatus:
  Creating "cmTC_41c30.dir\Debug\cmTC_41c30.tlog\unsuccessfulbuild" because "AlwaysCreate" was specified.
ClCompile:
  C:\Program Files (x86)\Microsoft Visual Studio 14.0\VC\bin\CL.exe /c /Zi /W3 /WX- /Od /Ob0 /Oy- /D WIN32 /D _WINDOWS /D CHECK_FUNCTION_EXISTS=_snprintf /D _DEBUG /D "CMAKE_INTDIR=\"Debug\"" /D _MBCS /Gm- /RTC1 /MDd /GS /fp:precise /Zc:wchar_t /Zc:forScope /Zc:inline /Fo"cmTC_41c30.dir\Debug\\" /Fd"cmTC_41c30.dir\Debug\vc140.pdb" /Gd /TC /analyze- /errorReport:queue "C:\Program Files\CMake\share\cmake-3.7\Modules\CheckFunctionExists.c"
  Microsoft (R) C/C++ Optimizing Compiler Version 19.00.24215.1 for x86
  Copyright (C) Microsoft Corporation.  All rights reserved.
  
  cl /c /Zi /W3 /WX- /Od /Ob0 /Oy- /D WIN32 /D _WINDOWS /D CHECK_FUNCTION_EXISTS=_snprintf /D _DEBUG /D "CMAKE_INTDIR=\"Debug\"" /D _MBCS /Gm- /RTC1 /MDd /GS /fp:precise /Zc:wchar_t /Zc:forScope /Zc:inline /Fo"cmTC_41c30.dir\Debug\\" /Fd"cmTC_41c30.dir\Debug\vc140.pdb" /Gd /TC /analyze- /errorReport:queue "C:\Program Files\CMake\share\cmake-3.7\Modules\CheckFunctionExists.c"
  
  CheckFunctionExists.c
Link:
  C:\Program Files (x86)\Microsoft Visual Studio 14.0\VC\bin\link.exe /ERRORREPORT:QUEUE /OUT:"C:\Users\haven\OneDrive\Documents\Repositories\clucene\compiled\CMakeFiles\CMakeTmp\Debug\cmTC_41c30.exe" /INCREMENTAL /NOLOGO kernel32.lib user32.lib gdi32.lib winspool.lib shell32.lib ole32.lib oleaut32.lib uuid.lib comdlg32.lib advapi32.lib /MANIFEST /MANIFESTUAC:"level='asInvoker' uiAccess='false'" /manifest:embed /DEBUG /PDB:"C:/Users/haven/OneDrive/Documents/Repositories/clucene/compiled/CMakeFiles/CMakeTmp/Debug/cmTC_41c30.pdb" /SUBSYSTEM:CONSOLE /TLBID:1 /DYNAMICBASE /NXCOMPAT /IMPLIB:"C:/Users/haven/OneDrive/Documents/Repositories/clucene/compiled/CMakeFiles/CMakeTmp/Debug/cmTC_41c30.lib" /MACHINE:X86 /SAFESEH  /machine:X86 cmTC_41c30.dir\Debug\CheckFunctionExists.obj
CheckFunctionExists.obj : error LNK2019: unresolved external symbol __snprintf referenced in function _main [C:\Users\haven\OneDrive\Documents\Repositories\clucene\compiled\CMakeFiles\CMakeTmp\cmTC_41c30.vcxproj]
C:\Users\haven\OneDrive\Documents\Repositories\clucene\compiled\CMakeFiles\CMakeTmp\Debug\cmTC_41c30.exe : fatal error LNK1120: 1 unresolved externals [C:\Users\haven\OneDrive\Documents\Repositories\clucene\compiled\CMakeFiles\CMakeTmp\cmTC_41c30.vcxproj]
Done Building Project "C:\Users\haven\OneDrive\Documents\Repositories\clucene\compiled\CMakeFiles\CMakeTmp\cmTC_41c30.vcxproj" (default targets) -- FAILED.

Build FAILED.

"C:\Users\haven\OneDrive\Documents\Repositories\clucene\compiled\CMakeFiles\CMakeTmp\cmTC_41c30.vcxproj" (default target) (1) ->
(Link target) -> 
  CheckFunctionExists.obj : error LNK2019: unresolved external symbol __snprintf referenced in function _main [C:\Users\haven\OneDrive\Documents\Repositories\clucene\compiled\CMakeFiles\CMakeTmp\cmTC_41c30.vcxproj]
  C:\Users\haven\OneDrive\Documents\Repositories\clucene\compiled\CMakeFiles\CMakeTmp\Debug\cmTC_41c30.exe : fatal error LNK1120: 1 unresolved externals [C:\Users\haven\OneDrive\Documents\Repositories\clucene\compiled\CMakeFiles\CMakeTmp\cmTC_41c30.vcxproj]

    0 Warning(s)
    2 Error(s)

Time Elapsed 00:00:00.38


Determining if the function _snwprintf exists failed with the following output:
Change Dir: C:/Users/haven/OneDrive/Documents/Repositories/clucene/compiled/CMakeFiles/CMakeTmp

Run Build Command:"C:/Program Files (x86)/MSBuild/14.0/bin/MSBuild.exe" "cmTC_999de.vcxproj" "/p:Configuration=Debug" "/p:VisualStudioVersion=14.0"
Microsoft (R) Build Engine version 14.0.25420.1
Copyright (C) Microsoft Corporation. All rights reserved.

Build started 2/4/2017 8:34:42 AM.
Project "C:\Users\haven\OneDrive\Documents\Repositories\clucene\compiled\CMakeFiles\CMakeTmp\cmTC_999de.vcxproj" on node 1 (default targets).
PrepareForBuild:
  Creating directory "cmTC_999de.dir\Debug\".
  Creating directory "C:\Users\haven\OneDrive\Documents\Repositories\clucene\compiled\CMakeFiles\CMakeTmp\Debug\".
  Creating directory "cmTC_999de.dir\Debug\cmTC_999de.tlog\".
InitializeBuildStatus:
  Creating "cmTC_999de.dir\Debug\cmTC_999de.tlog\unsuccessfulbuild" because "AlwaysCreate" was specified.
ClCompile:
  C:\Program Files (x86)\Microsoft Visual Studio 14.0\VC\bin\CL.exe /c /Zi /W3 /WX- /Od /Ob0 /Oy- /D WIN32 /D _WINDOWS /D CHECK_FUNCTION_EXISTS=_snwprintf /D _DEBUG /D "CMAKE_INTDIR=\"Debug\"" /D _MBCS /Gm- /RTC1 /MDd /GS /fp:precise /Zc:wchar_t /Zc:forScope /Zc:inline /Fo"cmTC_999de.dir\Debug\\" /Fd"cmTC_999de.dir\Debug\vc140.pdb" /Gd /TC /analyze- /errorReport:queue "C:\Program Files\CMake\share\cmake-3.7\Modules\CheckFunctionExists.c"
  Microsoft (R) C/C++ Optimizing Compiler Version 19.00.24215.1 for x86
  Copyright (C) Microsoft Corporation.  All rights reserved.
  
  cl /c /Zi /W3 /WX- /Od /Ob0 /Oy- /D WIN32 /D _WINDOWS /D CHECK_FUNCTION_EXISTS=_snwprintf /D _DEBUG /D "CMAKE_INTDIR=\"Debug\"" /D _MBCS /Gm- /RTC1 /MDd /GS /fp:precise /Zc:wchar_t /Zc:forScope /Zc:inline /Fo"cmTC_999de.dir\Debug\\" /Fd"cmTC_999de.dir\Debug\vc140.pdb" /Gd /TC /analyze- /errorReport:queue "C:\Program Files\CMake\share\cmake-3.7\Modules\CheckFunctionExists.c"
  
  CheckFunctionExists.c
Link:
  C:\Program Files (x86)\Microsoft Visual Studio 14.0\VC\bin\link.exe /ERRORREPORT:QUEUE /OUT:"C:\Users\haven\OneDrive\Documents\Repositories\clucene\compiled\CMakeFiles\CMakeTmp\Debug\cmTC_999de.exe" /INCREMENTAL /NOLOGO kernel32.lib user32.lib gdi32.lib winspool.lib shell32.lib ole32.lib oleaut32.lib uuid.lib comdlg32.lib advapi32.lib /MANIFEST /MANIFESTUAC:"level='asInvoker' uiAccess='false'" /manifest:embed /DEBUG /PDB:"C:/Users/haven/OneDrive/Documents/Repositories/clucene/compiled/CMakeFiles/CMakeTmp/Debug/cmTC_999de.pdb" /SUBSYSTEM:CONSOLE /TLBID:1 /DYNAMICBASE /NXCOMPAT /IMPLIB:"C:/Users/haven/OneDrive/Documents/Repositories/clucene/compiled/CMakeFiles/CMakeTmp/Debug/cmTC_999de.lib" /MACHINE:X86 /SAFESEH  /machine:X86 cmTC_999de.dir\Debug\CheckFunctionExists.obj
CheckFunctionExists.obj : error LNK2019: unresolved external symbol __snwprintf referenced in function _main [C:\Users\haven\OneDrive\Documents\Repositories\clucene\compiled\CMakeFiles\CMakeTmp\cmTC_999de.vcxproj]
C:\Users\haven\OneDrive\Documents\Repositories\clucene\compiled\CMakeFiles\CMakeTmp\Debug\cmTC_999de.exe : fatal error LNK1120: 1 unresolved externals [C:\Users\haven\OneDrive\Documents\Repositories\clucene\compiled\CMakeFiles\CMakeTmp\cmTC_999de.vcxproj]
Done Building Project "C:\Users\haven\OneDrive\Documents\Repositories\clucene\compiled\CMakeFiles\CMakeTmp\cmTC_999de.vcxproj" (default targets) -- FAILED.

Build FAILED.

"C:\Users\haven\OneDrive\Documents\Repositories\clucene\compiled\CMakeFiles\CMakeTmp\cmTC_999de.vcxproj" (default target) (1) ->
(Link target) -> 
  CheckFunctionExists.obj : error LNK2019: unresolved external symbol __snwprintf referenced in function _main [C:\Users\haven\OneDrive\Documents\Repositories\clucene\compiled\CMakeFiles\CMakeTmp\cmTC_999de.vcxproj]
  C:\Users\haven\OneDrive\Documents\Repositories\clucene\compiled\CMakeFiles\CMakeTmp\Debug\cmTC_999de.exe : fatal error LNK1120: 1 unresolved externals [C:\Users\haven\OneDrive\Documents\Repositories\clucene\compiled\CMakeFiles\CMakeTmp\cmTC_999de.vcxproj]

    0 Warning(s)
    2 Error(s)

Time Elapsed 00:00:00.39


Performing C++ SOURCE FILE Test _CL_HAVE_GCC_ATOMIC_FUNCTIONS failed with the following output:
Change Dir: C:/Users/haven/OneDrive/Documents/Repositories/clucene/compiled/CMakeFiles/CMakeTmp

Run Build Command:"C:/Program Files (x86)/MSBuild/14.0/bin/MSBuild.exe" "cmTC_362f4.vcxproj" "/p:Configuration=Debug" "/p:VisualStudioVersion=14.0"
Microsoft (R) Build Engine version 14.0.25420.1
Copyright (C) Microsoft Corporation. All rights reserved.

Build started 2/4/2017 8:34:46 AM.
Project "C:\Users\haven\OneDrive\Documents\Repositories\clucene\compiled\CMakeFiles\CMakeTmp\cmTC_362f4.vcxproj" on node 1 (default targets).
PrepareForBuild:
  Creating directory "cmTC_362f4.dir\Debug\".
  Creating directory "C:\Users\haven\OneDrive\Documents\Repositories\clucene\compiled\CMakeFiles\CMakeTmp\Debug\".
  Creating directory "cmTC_362f4.dir\Debug\cmTC_362f4.tlog\".
InitializeBuildStatus:
  Creating "cmTC_362f4.dir\Debug\cmTC_362f4.tlog\unsuccessfulbuild" because "AlwaysCreate" was specified.
ClCompile:
  C:\Program Files (x86)\Microsoft Visual Studio 14.0\VC\bin\CL.exe /c /Zi /W3 /WX- /Od /Ob0 /Oy- /D WIN32 /D _WINDOWS /D _CL_HAVE_GCC_ATOMIC_FUNCTIONS /D _DEBUG /D "CMAKE_INTDIR=\"Debug\"" /D _MBCS /Gm- /EHsc /RTC1 /MDd /GS /fp:precise /Zc:wchar_t /Zc:forScope /Zc:inline /GR /Fo"cmTC_362f4.dir\Debug\\" /Fd"cmTC_362f4.dir\Debug\vc140.pdb" /Gd /TP /analyze- /errorReport:queue C:\Users\haven\OneDrive\Documents\Repositories\clucene\compiled\CMakeFiles\CMakeTmp\src.cxx
  Microsoft (R) C/C++ Optimizing Compiler Version 19.00.24215.1 for x86
  Copyright (C) Microsoft Corporation.  All rights reserved.
  
  cl /c /Zi /W3 /WX- /Od /Ob0 /Oy- /D WIN32 /D _WINDOWS /D _CL_HAVE_GCC_ATOMIC_FUNCTIONS /D _DEBUG /D "CMAKE_INTDIR=\"Debug\"" /D _MBCS /Gm- /EHsc /RTC1 /MDd /GS /fp:precise /Zc:wchar_t /Zc:forScope /Zc:inline /GR /Fo"cmTC_362f4.dir\Debug\\" /Fd"cmTC_362f4.dir\Debug\vc140.pdb" /Gd /TP /analyze- /errorReport:queue C:\Users\haven\OneDrive\Documents\Repositories\clucene\compiled\CMakeFiles\CMakeTmp\src.cxx
  
  src.cxx
C:\Users\haven\OneDrive\Documents\Repositories\clucene\compiled\CMakeFiles\CMakeTmp\src.cxx(7): error C3861: '__sync_add_and_fetch': identifier not found [C:\Users\haven\OneDrive\Documents\Repositories\clucene\compiled\CMakeFiles\CMakeTmp\cmTC_362f4.vcxproj]
C:\Users\haven\OneDrive\Documents\Repositories\clucene\compiled\CMakeFiles\CMakeTmp\src.cxx(8): error C3861: '__sync_synchronize': identifier not found [C:\Users\haven\OneDrive\Documents\Repositories\clucene\compiled\CMakeFiles\CMakeTmp\cmTC_362f4.vcxproj]
C:\Users\haven\OneDrive\Documents\Repositories\clucene\compiled\CMakeFiles\CMakeTmp\src.cxx(9): error C3861: '__sync_sub_and_fetch': identifier not found [C:\Users\haven\OneDrive\Documents\Repositories\clucene\compiled\CMakeFiles\CMakeTmp\cmTC_362f4.vcxproj]
C:\Users\haven\OneDrive\Documents\Repositories\clucene\compiled\CMakeFiles\CMakeTmp\src.cxx(10): error C3861: '__sync_bool_compare_and_swap': identifier not found [C:\Users\haven\OneDrive\Documents\Repositories\clucene\compiled\CMakeFiles\CMakeTmp\cmTC_362f4.vcxproj]
C:\Users\haven\OneDrive\Documents\Repositories\clucene\compiled\CMakeFiles\CMakeTmp\src.cxx(13): error C3861: '__sync_bool_compare_and_swap': identifier not found [C:\Users\haven\OneDrive\Documents\Repositories\clucene\compiled\CMakeFiles\CMakeTmp\cmTC_362f4.vcxproj]
Done Building Project "C:\Users\haven\OneDrive\Documents\Repositories\clucene\compiled\CMakeFiles\CMakeTmp\cmTC_362f4.vcxproj" (default targets) -- FAILED.

Build FAILED.

"C:\Users\haven\OneDrive\Documents\Repositories\clucene\compiled\CMakeFiles\CMakeTmp\cmTC_362f4.vcxproj" (default target) (1) ->
(ClCompile target) -> 
  C:\Users\haven\OneDrive\Documents\Repositories\clucene\compiled\CMakeFiles\CMakeTmp\src.cxx(7): error C3861: '__sync_add_and_fetch': identifier not found [C:\Users\haven\OneDrive\Documents\Repositories\clucene\compiled\CMakeFiles\CMakeTmp\cmTC_362f4.vcxproj]
  C:\Users\haven\OneDrive\Documents\Repositories\clucene\compiled\CMakeFiles\CMakeTmp\src.cxx(8): error C3861: '__sync_synchronize': identifier not found [C:\Users\haven\OneDrive\Documents\Repositories\clucene\compiled\CMakeFiles\CMakeTmp\cmTC_362f4.vcxproj]
  C:\Users\haven\OneDrive\Documents\Repositories\clucene\compiled\CMakeFiles\CMakeTmp\src.cxx(9): error C3861: '__sync_sub_and_fetch': identifier not found [C:\Users\haven\OneDrive\Documents\Repositories\clucene\compiled\CMakeFiles\CMakeTmp\cmTC_362f4.vcxproj]
  C:\Users\haven\OneDrive\Documents\Repositories\clucene\compiled\CMakeFiles\CMakeTmp\src.cxx(10): error C3861: '__sync_bool_compare_and_swap': identifier not found [C:\Users\haven\OneDrive\Documents\Repositories\clucene\compiled\CMakeFiles\CMakeTmp\cmTC_362f4.vcxproj]
  C:\Users\haven\OneDrive\Documents\Repositories\clucene\compiled\CMakeFiles\CMakeTmp\src.cxx(13): error C3861: '__sync_bool_compare_and_swap': identifier not found [C:\Users\haven\OneDrive\Documents\Repositories\clucene\compiled\CMakeFiles\CMakeTmp\cmTC_362f4.vcxproj]

    0 Warning(s)
    5 Error(s)

Time Elapsed 00:00:00.31

Return value: 1
Source file was:

#include <cstdlib>
int main()
{
   unsigned value = 0;
   void* ptr = &value;
   __sync_add_and_fetch(&value, 1);
   __sync_synchronize();
   __sync_sub_and_fetch(&value, 1);
   if (!__sync_bool_compare_and_swap(&value, 0, 1))
      return EXIT_FAILURE;
   
   if (!__sync_bool_compare_and_swap(&ptr, ptr, ptr))
      return EXIT_FAILURE;

   return EXIT_SUCCESS;
}

